{
  "D:/development/rs_school/React2023Q1/src/App.tsx": {
    "path": "D:/development/rs_school/React2023Q1/src/App.tsx",
    "statementMap": {
      "0": {
        "start": {
          "line": 5,
          "column": 0
        },
        "end": {
          "line": 15,
          "column": 1
        }
      },
      "1": {
        "start": {
          "line": 6,
          "column": 2
        },
        "end": {
          "line": 8,
          "column": 3
        }
      },
      "2": {
        "start": {
          "line": 7,
          "column": 4
        },
        "end": {
          "line": 7,
          "column": 165
        }
      },
      "3": {
        "start": {
          "line": 9,
          "column": 2
        },
        "end": {
          "line": 9,
          "column": 39
        }
      },
      "4": {
        "start": {
          "line": 10,
          "column": 2
        },
        "end": {
          "line": 10,
          "column": 39
        }
      },
      "5": {
        "start": {
          "line": 11,
          "column": 2
        },
        "end": {
          "line": 13,
          "column": 4
        }
      },
      "6": {
        "start": {
          "line": 12,
          "column": 4
        },
        "end": {
          "line": 12,
          "column": 92
        }
      },
      "7": {
        "start": {
          "line": 14,
          "column": 2
        },
        "end": {
          "line": 14,
          "column": 75
        }
      },
      "8": {
        "start": {
          "line": 18,
          "column": 2
        },
        "end": {
          "line": 26,
          "column": 11
        }
      },
      "9": {
        "start": {
          "line": 28,
          "column": 0
        },
        "end": {
          "line": 28,
          "column": 9
        }
      },
      "10": {
        "start": {
          "line": 31,
          "column": 0
        },
        "end": {
          "line": 31,
          "column": 24
        }
      },
      "11": {
        "start": {
          "line": 32,
          "column": 0
        },
        "end": {
          "line": 48,
          "column": 1
        }
      },
      "12": {
        "start": {
          "line": 33,
          "column": 2
        },
        "end": {
          "line": 33,
          "column": 39
        }
      },
      "13": {
        "start": {
          "line": 34,
          "column": 2
        },
        "end": {
          "line": 34,
          "column": 39
        }
      },
      "14": {
        "start": {
          "line": 35,
          "column": 2
        },
        "end": {
          "line": 47,
          "column": 5
        }
      },
      "15": {
        "start": {
          "line": 39,
          "column": 4
        },
        "end": {
          "line": 39,
          "column": 118
        }
      },
      "16": {
        "start": {
          "line": 40,
          "column": 4
        },
        "end": {
          "line": 46,
          "column": 7
        }
      },
      "17": {
        "start": {
          "line": 41,
          "column": 6
        },
        "end": {
          "line": 42,
          "column": 15
        }
      },
      "18": {
        "start": {
          "line": 42,
          "column": 8
        },
        "end": {
          "line": 42,
          "column": 15
        }
      },
      "19": {
        "start": {
          "line": 43,
          "column": 32
        },
        "end": {
          "line": 43,
          "column": 115
        }
      },
      "20": {
        "start": {
          "line": 44,
          "column": 6
        },
        "end": {
          "line": 45,
          "column": 54
        }
      },
      "21": {
        "start": {
          "line": 45,
          "column": 8
        },
        "end": {
          "line": 45,
          "column": 54
        }
      }
    },
    "fnMap": {
      "0": {
        "name": "(anonymous_0)",
        "decl": {
          "start": {
            "line": 11,
            "column": 24
          },
          "end": {
            "line": 11,
            "column": 25
          }
        },
        "loc": {
          "start": {
            "line": 11,
            "column": 38
          },
          "end": {
            "line": 13,
            "column": 3
          }
        },
        "line": 11
      },
      "1": {
        "name": "App",
        "decl": {
          "start": {
            "line": 17,
            "column": 9
          },
          "end": {
            "line": 17,
            "column": 12
          }
        },
        "loc": {
          "start": {
            "line": 17,
            "column": 15
          },
          "end": {
            "line": 27,
            "column": 1
          }
        },
        "line": 17
      },
      "2": {
        "name": "(anonymous_2)",
        "decl": {
          "start": {
            "line": 38,
            "column": 9
          },
          "end": {
            "line": 38,
            "column": 10
          }
        },
        "loc": {
          "start": {
            "line": 38,
            "column": 29
          },
          "end": {
            "line": 47,
            "column": 3
          }
        },
        "line": 38
      },
      "3": {
        "name": "(anonymous_3)",
        "decl": {
          "start": {
            "line": 40,
            "column": 27
          },
          "end": {
            "line": 40,
            "column": 28
          }
        },
        "loc": {
          "start": {
            "line": 40,
            "column": 44
          },
          "end": {
            "line": 46,
            "column": 5
          }
        },
        "line": 40
      }
    },
    "branchMap": {
      "0": {
        "loc": {
          "start": {
            "line": 5,
            "column": 0
          },
          "end": {
            "line": 15,
            "column": 1
          }
        },
        "type": "if",
        "locations": [
          {
            "start": {
              "line": 5,
              "column": 0
            },
            "end": {
              "line": 15,
              "column": 1
            }
          },
          {
            "start": {},
            "end": {}
          }
        ],
        "line": 5
      },
      "1": {
        "loc": {
          "start": {
            "line": 6,
            "column": 2
          },
          "end": {
            "line": 8,
            "column": 3
          }
        },
        "type": "if",
        "locations": [
          {
            "start": {
              "line": 6,
              "column": 2
            },
            "end": {
              "line": 8,
              "column": 3
            }
          },
          {
            "start": {},
            "end": {}
          }
        ],
        "line": 6
      },
      "2": {
        "loc": {
          "start": {
            "line": 32,
            "column": 0
          },
          "end": {
            "line": 48,
            "column": 1
          }
        },
        "type": "if",
        "locations": [
          {
            "start": {
              "line": 32,
              "column": 0
            },
            "end": {
              "line": 48,
              "column": 1
            }
          },
          {
            "start": {},
            "end": {}
          }
        ],
        "line": 32
      },
      "3": {
        "loc": {
          "start": {
            "line": 41,
            "column": 6
          },
          "end": {
            "line": 42,
            "column": 15
          }
        },
        "type": "if",
        "locations": [
          {
            "start": {
              "line": 41,
              "column": 6
            },
            "end": {
              "line": 42,
              "column": 15
            }
          },
          {
            "start": {},
            "end": {}
          }
        ],
        "line": 41
      },
      "4": {
        "loc": {
          "start": {
            "line": 44,
            "column": 6
          },
          "end": {
            "line": 45,
            "column": 54
          }
        },
        "type": "if",
        "locations": [
          {
            "start": {
              "line": 44,
              "column": 6
            },
            "end": {
              "line": 45,
              "column": 54
            }
          },
          {
            "start": {},
            "end": {}
          }
        ],
        "line": 44
      }
    },
    "s": {
      "0": 3,
      "1": 3,
      "2": 0,
      "3": 3,
      "4": 3,
      "5": 3,
      "6": 3,
      "7": 3,
      "8": 3,
      "9": 3,
      "10": 3,
      "11": 3,
      "12": 3,
      "13": 3,
      "14": 3,
      "15": 3,
      "16": 3,
      "17": 0,
      "18": 0,
      "19": 0,
      "20": 0,
      "21": 0
    },
    "f": {
      "0": 3,
      "1": 3,
      "2": 3,
      "3": 0
    },
    "b": {
      "0": [
        3,
        0
      ],
      "1": [
        0,
        3
      ],
      "2": [
        3,
        0
      ],
      "3": [
        0,
        0
      ],
      "4": [
        0,
        0
      ]
    },
    "inputSourceMap": {
      "version": 3,
      "mappings": "AAKI,mBACE,cADF;AALJ,OAAOA,oBAAkB;AAAA;AAAA;AAAA;AAAA;AAAA;AAAA;AAAA;AAAA;AAAA;AAAA;AAAA;AAAA;AAAA;AACzB,SAASC,cAAc;AAEvB,SAASC,MAAM;AACb,SACE,mCACE,iCAAC,YAAD;AAAA;AAAA;AAAA;AAAA,SAAO,KADT;AAAA;AAAA;AAAA;AAAA,SAEA;AAEJ;AAACC,KANQD;AAQT,eAAeA;AAAI;AAAAE",
      "names": [
        "React",
        "Outlet",
        "App",
        "_c",
        "$RefreshReg$"
      ],
      "sources": [
        "D:/development/rs_school/React2023Q1/src/App.tsx"
      ],
      "file": "D:/development/rs_school/React2023Q1/src/App.tsx"
    },
    "_coverageSchema": "1a1c01bbd47fc00a2c39e90264f33305004495a9",
    "hash": "d467af44dba157fc923abf24d9141e430c1f5f1d"
  },
  "D:/development/rs_school/React2023Q1/src/components/Header/Header.tsx": {
    "path": "D:/development/rs_school/React2023Q1/src/components/Header/Header.tsx",
    "statementMap": {
      "0": {
        "start": {
          "line": 5,
          "column": 0
        },
        "end": {
          "line": 15,
          "column": 1
        }
      },
      "1": {
        "start": {
          "line": 6,
          "column": 2
        },
        "end": {
          "line": 8,
          "column": 3
        }
      },
      "2": {
        "start": {
          "line": 7,
          "column": 4
        },
        "end": {
          "line": 7,
          "column": 165
        }
      },
      "3": {
        "start": {
          "line": 9,
          "column": 2
        },
        "end": {
          "line": 9,
          "column": 39
        }
      },
      "4": {
        "start": {
          "line": 10,
          "column": 2
        },
        "end": {
          "line": 10,
          "column": 39
        }
      },
      "5": {
        "start": {
          "line": 11,
          "column": 2
        },
        "end": {
          "line": 13,
          "column": 4
        }
      },
      "6": {
        "start": {
          "line": 12,
          "column": 4
        },
        "end": {
          "line": 12,
          "column": 113
        }
      },
      "7": {
        "start": {
          "line": 14,
          "column": 2
        },
        "end": {
          "line": 14,
          "column": 75
        }
      },
      "8": {
        "start": {
          "line": 18,
          "column": 15
        },
        "end": {
          "line": 57,
          "column": 1
        }
      },
      "9": {
        "start": {
          "line": 21,
          "column": 2
        },
        "end": {
          "line": 56,
          "column": 11
        }
      },
      "10": {
        "start": {
          "line": 58,
          "column": 0
        },
        "end": {
          "line": 58,
          "column": 12
        }
      },
      "11": {
        "start": {
          "line": 61,
          "column": 0
        },
        "end": {
          "line": 61,
          "column": 27
        }
      },
      "12": {
        "start": {
          "line": 62,
          "column": 0
        },
        "end": {
          "line": 78,
          "column": 1
        }
      },
      "13": {
        "start": {
          "line": 63,
          "column": 2
        },
        "end": {
          "line": 63,
          "column": 39
        }
      },
      "14": {
        "start": {
          "line": 64,
          "column": 2
        },
        "end": {
          "line": 64,
          "column": 39
        }
      },
      "15": {
        "start": {
          "line": 65,
          "column": 2
        },
        "end": {
          "line": 77,
          "column": 5
        }
      },
      "16": {
        "start": {
          "line": 69,
          "column": 4
        },
        "end": {
          "line": 69,
          "column": 139
        }
      },
      "17": {
        "start": {
          "line": 70,
          "column": 4
        },
        "end": {
          "line": 76,
          "column": 7
        }
      },
      "18": {
        "start": {
          "line": 71,
          "column": 6
        },
        "end": {
          "line": 72,
          "column": 15
        }
      },
      "19": {
        "start": {
          "line": 72,
          "column": 8
        },
        "end": {
          "line": 72,
          "column": 15
        }
      },
      "20": {
        "start": {
          "line": 73,
          "column": 32
        },
        "end": {
          "line": 73,
          "column": 115
        }
      },
      "21": {
        "start": {
          "line": 74,
          "column": 6
        },
        "end": {
          "line": 75,
          "column": 54
        }
      },
      "22": {
        "start": {
          "line": 75,
          "column": 8
        },
        "end": {
          "line": 75,
          "column": 54
        }
      }
    },
    "fnMap": {
      "0": {
        "name": "(anonymous_0)",
        "decl": {
          "start": {
            "line": 11,
            "column": 24
          },
          "end": {
            "line": 11,
            "column": 25
          }
        },
        "loc": {
          "start": {
            "line": 11,
            "column": 38
          },
          "end": {
            "line": 13,
            "column": 3
          }
        },
        "line": 11
      },
      "1": {
        "name": "(anonymous_1)",
        "decl": {
          "start": {
            "line": 18,
            "column": 15
          },
          "end": {
            "line": 18,
            "column": 16
          }
        },
        "loc": {
          "start": {
            "line": 20,
            "column": 6
          },
          "end": {
            "line": 57,
            "column": 1
          }
        },
        "line": 20
      },
      "2": {
        "name": "(anonymous_2)",
        "decl": {
          "start": {
            "line": 68,
            "column": 9
          },
          "end": {
            "line": 68,
            "column": 10
          }
        },
        "loc": {
          "start": {
            "line": 68,
            "column": 29
          },
          "end": {
            "line": 77,
            "column": 3
          }
        },
        "line": 68
      },
      "3": {
        "name": "(anonymous_3)",
        "decl": {
          "start": {
            "line": 70,
            "column": 27
          },
          "end": {
            "line": 70,
            "column": 28
          }
        },
        "loc": {
          "start": {
            "line": 70,
            "column": 44
          },
          "end": {
            "line": 76,
            "column": 5
          }
        },
        "line": 70
      }
    },
    "branchMap": {
      "0": {
        "loc": {
          "start": {
            "line": 5,
            "column": 0
          },
          "end": {
            "line": 15,
            "column": 1
          }
        },
        "type": "if",
        "locations": [
          {
            "start": {
              "line": 5,
              "column": 0
            },
            "end": {
              "line": 15,
              "column": 1
            }
          },
          {
            "start": {},
            "end": {}
          }
        ],
        "line": 5
      },
      "1": {
        "loc": {
          "start": {
            "line": 6,
            "column": 2
          },
          "end": {
            "line": 8,
            "column": 3
          }
        },
        "type": "if",
        "locations": [
          {
            "start": {
              "line": 6,
              "column": 2
            },
            "end": {
              "line": 8,
              "column": 3
            }
          },
          {
            "start": {},
            "end": {}
          }
        ],
        "line": 6
      },
      "2": {
        "loc": {
          "start": {
            "line": 62,
            "column": 0
          },
          "end": {
            "line": 78,
            "column": 1
          }
        },
        "type": "if",
        "locations": [
          {
            "start": {
              "line": 62,
              "column": 0
            },
            "end": {
              "line": 78,
              "column": 1
            }
          },
          {
            "start": {},
            "end": {}
          }
        ],
        "line": 62
      },
      "3": {
        "loc": {
          "start": {
            "line": 71,
            "column": 6
          },
          "end": {
            "line": 72,
            "column": 15
          }
        },
        "type": "if",
        "locations": [
          {
            "start": {
              "line": 71,
              "column": 6
            },
            "end": {
              "line": 72,
              "column": 15
            }
          },
          {
            "start": {},
            "end": {}
          }
        ],
        "line": 71
      },
      "4": {
        "loc": {
          "start": {
            "line": 74,
            "column": 6
          },
          "end": {
            "line": 75,
            "column": 54
          }
        },
        "type": "if",
        "locations": [
          {
            "start": {
              "line": 74,
              "column": 6
            },
            "end": {
              "line": 75,
              "column": 54
            }
          },
          {
            "start": {},
            "end": {}
          }
        ],
        "line": 74
      }
    },
    "s": {
      "0": 3,
      "1": 3,
      "2": 0,
      "3": 3,
      "4": 3,
      "5": 3,
      "6": 3,
      "7": 3,
      "8": 3,
      "9": 8,
      "10": 3,
      "11": 3,
      "12": 3,
      "13": 3,
      "14": 3,
      "15": 3,
      "16": 3,
      "17": 3,
      "18": 0,
      "19": 0,
      "20": 0,
      "21": 0,
      "22": 0
    },
    "f": {
      "0": 3,
      "1": 8,
      "2": 3,
      "3": 0
    },
    "b": {
      "0": [
        3,
        0
      ],
      "1": [
        0,
        3
      ],
      "2": [
        3,
        0
      ],
      "3": [
        0,
        0
      ],
      "4": [
        0,
        0
      ]
    },
    "inputSourceMap": {
      "version": 3,
      "mappings": "AAYQ;AAZR,OAAOA,oBAAmB;AAAO;AAAA;AAAA;AAAA;AAAA;AAAA;AAAA;AAAA;AAAA;AAAA;AAAA;AAAA;AAAA;AACjC,SAASC,eAAe;AACxB,OAAOC,aAAa;AAMpB,MAAMC,SAA0BA,CAAC;AAAA,EAAEC;AAAM,MAAM;AAC7C,SACE,uBAAC,YAAO,WAAWF,QAAQG,QACzB,iCAAC,SAAI,WAAWH,QAAQI,WACtB;AAAA,2BAAC,QAAIF,mBAAL;AAAA;AAAA;AAAA;AAAA,WAAW;AAAA,IACX,uBAAC,SAAI,WAAWF,QAAQI,WACtB;AAAA,6BAAC,WAAQ,IAAG,KAAI,oBAAhB;AAAA;AAAA;AAAA;AAAA,aAAoB;AAAA,MACpB,uBAAC,WAAQ,IAAG,UAAS,qBAArB;AAAA;AAAA;AAAA;AAAA,aAA0B;AAAA,MAC1B,uBAAC,WAAQ,IAAG,UAAS,qBAArB;AAAA;AAAA;AAAA;AAAA,aAA0B;AAAA,SAH5B;AAAA;AAAA;AAAA;AAAA,WAIA;AAAA,OANF;AAAA;AAAA;AAAA;AAAA,SAOA,KARF;AAAA;AAAA;AAAA;AAAA,SASA;AAEJ;AAAEC,KAbIJ;AAeN,eAAeA;AAAO;AAAAK",
      "names": [
        "React",
        "NavLink",
        "classes",
        "Header",
        "label",
        "header",
        "container",
        "_c",
        "$RefreshReg$"
      ],
      "sources": [
        "D:/development/rs_school/React2023Q1/src/components/Header/Header.tsx"
      ],
      "file": "D:/development/rs_school/React2023Q1/src/components/Header/Header.tsx"
    },
    "_coverageSchema": "1a1c01bbd47fc00a2c39e90264f33305004495a9",
    "hash": "38141c83cbe023e7dcd9979352edcfa6057e845c"
  },
  "D:/development/rs_school/React2023Q1/src/pages/AboutPage.tsx": {
    "path": "D:/development/rs_school/React2023Q1/src/pages/AboutPage.tsx",
    "statementMap": {
      "0": {
        "start": {
          "line": 5,
          "column": 0
        },
        "end": {
          "line": 15,
          "column": 1
        }
      },
      "1": {
        "start": {
          "line": 6,
          "column": 2
        },
        "end": {
          "line": 8,
          "column": 3
        }
      },
      "2": {
        "start": {
          "line": 7,
          "column": 4
        },
        "end": {
          "line": 7,
          "column": 165
        }
      },
      "3": {
        "start": {
          "line": 9,
          "column": 2
        },
        "end": {
          "line": 9,
          "column": 39
        }
      },
      "4": {
        "start": {
          "line": 10,
          "column": 2
        },
        "end": {
          "line": 10,
          "column": 39
        }
      },
      "5": {
        "start": {
          "line": 11,
          "column": 2
        },
        "end": {
          "line": 13,
          "column": 4
        }
      },
      "6": {
        "start": {
          "line": 12,
          "column": 4
        },
        "end": {
          "line": 12,
          "column": 104
        }
      },
      "7": {
        "start": {
          "line": 14,
          "column": 2
        },
        "end": {
          "line": 14,
          "column": 75
        }
      },
      "8": {
        "start": {
          "line": 18,
          "column": 24
        },
        "end": {
          "line": 30,
          "column": 1
        }
      },
      "9": {
        "start": {
          "line": 31,
          "column": 0
        },
        "end": {
          "line": 31,
          "column": 21
        }
      },
      "10": {
        "start": {
          "line": 32,
          "column": 18
        },
        "end": {
          "line": 49,
          "column": 1
        }
      },
      "11": {
        "start": {
          "line": 33,
          "column": 2
        },
        "end": {
          "line": 48,
          "column": 11
        }
      },
      "12": {
        "start": {
          "line": 50,
          "column": 0
        },
        "end": {
          "line": 50,
          "column": 16
        }
      },
      "13": {
        "start": {
          "line": 53,
          "column": 0
        },
        "end": {
          "line": 53,
          "column": 36
        }
      },
      "14": {
        "start": {
          "line": 54,
          "column": 0
        },
        "end": {
          "line": 54,
          "column": 31
        }
      },
      "15": {
        "start": {
          "line": 55,
          "column": 0
        },
        "end": {
          "line": 71,
          "column": 1
        }
      },
      "16": {
        "start": {
          "line": 56,
          "column": 2
        },
        "end": {
          "line": 56,
          "column": 39
        }
      },
      "17": {
        "start": {
          "line": 57,
          "column": 2
        },
        "end": {
          "line": 57,
          "column": 39
        }
      },
      "18": {
        "start": {
          "line": 58,
          "column": 2
        },
        "end": {
          "line": 70,
          "column": 5
        }
      },
      "19": {
        "start": {
          "line": 62,
          "column": 4
        },
        "end": {
          "line": 62,
          "column": 130
        }
      },
      "20": {
        "start": {
          "line": 63,
          "column": 4
        },
        "end": {
          "line": 69,
          "column": 7
        }
      },
      "21": {
        "start": {
          "line": 64,
          "column": 6
        },
        "end": {
          "line": 65,
          "column": 15
        }
      },
      "22": {
        "start": {
          "line": 65,
          "column": 8
        },
        "end": {
          "line": 65,
          "column": 15
        }
      },
      "23": {
        "start": {
          "line": 66,
          "column": 32
        },
        "end": {
          "line": 66,
          "column": 115
        }
      },
      "24": {
        "start": {
          "line": 67,
          "column": 6
        },
        "end": {
          "line": 68,
          "column": 54
        }
      },
      "25": {
        "start": {
          "line": 68,
          "column": 8
        },
        "end": {
          "line": 68,
          "column": 54
        }
      }
    },
    "fnMap": {
      "0": {
        "name": "(anonymous_0)",
        "decl": {
          "start": {
            "line": 11,
            "column": 24
          },
          "end": {
            "line": 11,
            "column": 25
          }
        },
        "loc": {
          "start": {
            "line": 11,
            "column": 38
          },
          "end": {
            "line": 13,
            "column": 3
          }
        },
        "line": 11
      },
      "1": {
        "name": "(anonymous_1)",
        "decl": {
          "start": {
            "line": 32,
            "column": 18
          },
          "end": {
            "line": 32,
            "column": 19
          }
        },
        "loc": {
          "start": {
            "line": 32,
            "column": 24
          },
          "end": {
            "line": 49,
            "column": 1
          }
        },
        "line": 32
      },
      "2": {
        "name": "(anonymous_2)",
        "decl": {
          "start": {
            "line": 61,
            "column": 9
          },
          "end": {
            "line": 61,
            "column": 10
          }
        },
        "loc": {
          "start": {
            "line": 61,
            "column": 29
          },
          "end": {
            "line": 70,
            "column": 3
          }
        },
        "line": 61
      },
      "3": {
        "name": "(anonymous_3)",
        "decl": {
          "start": {
            "line": 63,
            "column": 27
          },
          "end": {
            "line": 63,
            "column": 28
          }
        },
        "loc": {
          "start": {
            "line": 63,
            "column": 44
          },
          "end": {
            "line": 69,
            "column": 5
          }
        },
        "line": 63
      }
    },
    "branchMap": {
      "0": {
        "loc": {
          "start": {
            "line": 5,
            "column": 0
          },
          "end": {
            "line": 15,
            "column": 1
          }
        },
        "type": "if",
        "locations": [
          {
            "start": {
              "line": 5,
              "column": 0
            },
            "end": {
              "line": 15,
              "column": 1
            }
          },
          {
            "start": {},
            "end": {}
          }
        ],
        "line": 5
      },
      "1": {
        "loc": {
          "start": {
            "line": 6,
            "column": 2
          },
          "end": {
            "line": 8,
            "column": 3
          }
        },
        "type": "if",
        "locations": [
          {
            "start": {
              "line": 6,
              "column": 2
            },
            "end": {
              "line": 8,
              "column": 3
            }
          },
          {
            "start": {},
            "end": {}
          }
        ],
        "line": 6
      },
      "2": {
        "loc": {
          "start": {
            "line": 55,
            "column": 0
          },
          "end": {
            "line": 71,
            "column": 1
          }
        },
        "type": "if",
        "locations": [
          {
            "start": {
              "line": 55,
              "column": 0
            },
            "end": {
              "line": 71,
              "column": 1
            }
          },
          {
            "start": {},
            "end": {}
          }
        ],
        "line": 55
      },
      "3": {
        "loc": {
          "start": {
            "line": 64,
            "column": 6
          },
          "end": {
            "line": 65,
            "column": 15
          }
        },
        "type": "if",
        "locations": [
          {
            "start": {
              "line": 64,
              "column": 6
            },
            "end": {
              "line": 65,
              "column": 15
            }
          },
          {
            "start": {},
            "end": {}
          }
        ],
        "line": 64
      },
      "4": {
        "loc": {
          "start": {
            "line": 67,
            "column": 6
          },
          "end": {
            "line": 68,
            "column": 54
          }
        },
        "type": "if",
        "locations": [
          {
            "start": {
              "line": 67,
              "column": 6
            },
            "end": {
              "line": 68,
              "column": 54
            }
          },
          {
            "start": {},
            "end": {}
          }
        ],
        "line": 67
      }
    },
    "s": {
      "0": 3,
      "1": 3,
      "2": 0,
      "3": 3,
      "4": 3,
      "5": 3,
      "6": 6,
      "7": 3,
      "8": 3,
      "9": 3,
      "10": 3,
      "11": 1,
      "12": 3,
      "13": 3,
      "14": 3,
      "15": 3,
      "16": 3,
      "17": 3,
      "18": 3,
      "19": 3,
      "20": 3,
      "21": 0,
      "22": 0,
      "23": 0,
      "24": 0,
      "25": 0
    },
    "f": {
      "0": 6,
      "1": 1,
      "2": 3,
      "3": 0
    },
    "b": {
      "0": [
        3,
        0
      ],
      "1": [
        0,
        3
      ],
      "2": [
        3,
        0
      ],
      "3": [
        0,
        0
      ],
      "4": [
        0,
        0
      ]
    },
    "inputSourceMap": {
      "version": 3,
      "mappings": "AAoBI,mBACE,cADF;AApBJ,OAAOA,oBAAkB;AAAA;AAAA;AAAA;AAAA;AAAA;AAAA;AAAA;AAAA;AAAA;AAAA;AAAA;AAAA;AAAA;AACzB,OAAOC,YAAY;AACnB,OAAOC,YAAY;AAEnB,MAAMC,kBAAkBD,OAAOE;AAAAA;AAAAA;AAAAA;AAAAA;AAAAA;AAAAA;AAAAA;AAAAA;AAAAA;AAAAA;AAAAA;AAAAA;AAY7BC,KAZIF;AAcN,MAAMG,YAAYA,MAAM;AACtB,SACE,mCACE;AAAA,2BAAC,UAAO,OAAM,WAAd;AAAA;AAAA;AAAA;AAAA,WAAqB;AAAA,IACrB,uBAAC,mBAAgB,mCAAjB;AAAA;AAAA;AAAA;AAAA,WAAoC;AAAA,OAFtC;AAAA;AAAA;AAAA;AAAA,SAGA;AAEJ;AAAEC,MAPID;AASN,eAAeA;AAAU;AAAAE;AAAAA",
      "names": [
        "React",
        "Header",
        "styled",
        "StyledAboutPage",
        "div",
        "_c",
        "AboutPage",
        "_c2",
        "$RefreshReg$"
      ],
      "sources": [
        "D:/development/rs_school/React2023Q1/src/pages/AboutPage.tsx"
      ],
      "file": "D:/development/rs_school/React2023Q1/src/pages/AboutPage.tsx"
    },
    "_coverageSchema": "1a1c01bbd47fc00a2c39e90264f33305004495a9",
    "hash": "f88fd3cc5cf2f75c608d57bc155e9bfa7a05a239"
  },
  "D:/development/rs_school/React2023Q1/src/hooks/redux.ts": {
    "path": "D:/development/rs_school/React2023Q1/src/hooks/redux.ts",
    "statementMap": {
      "0": {
        "start": {
          "line": 2,
          "column": 30
        },
        "end": {
          "line": 2,
          "column": 41
        }
      },
      "1": {
        "start": {
          "line": 3,
          "column": 30
        },
        "end": {
          "line": 3,
          "column": 41
        }
      }
    },
    "fnMap": {},
    "branchMap": {},
    "s": {
      "0": 3,
      "1": 3
    },
    "f": {},
    "b": {},
    "inputSourceMap": {
      "version": 3,
      "sources": [
        "D:/development/rs_school/React2023Q1/src/hooks/redux.ts"
      ],
      "mappings": "AAAA,SAAS,aAAa,mBAAmB;AAIlC,aAAM,iBAAoC;AAC1C,aAAM,iBAAkD;",
      "names": []
    },
    "_coverageSchema": "1a1c01bbd47fc00a2c39e90264f33305004495a9",
    "hash": "51431fa65755faf35fc4c753457e9dc1e534fdf5"
  },
  "D:/development/rs_school/React2023Q1/src/store/reducers/SearchSlice.ts": {
    "path": "D:/development/rs_school/React2023Q1/src/store/reducers/SearchSlice.ts",
    "statementMap": {
      "0": {
        "start": {
          "line": 2,
          "column": 21
        },
        "end": {
          "line": 4,
          "column": 1
        }
      },
      "1": {
        "start": {
          "line": 5,
          "column": 20
        },
        "end": {
          "line": 13,
          "column": 2
        }
      },
      "2": {
        "start": {
          "line": 10,
          "column": 6
        },
        "end": {
          "line": 10,
          "column": 36
        }
      },
      "3": {
        "start": {
          "line": 15,
          "column": 25
        },
        "end": {
          "line": 15,
          "column": 55
        }
      },
      "4": {
        "start": {
          "line": 15,
          "column": 36
        },
        "end": {
          "line": 15,
          "column": 55
        }
      },
      "5": {
        "start": {
          "line": 16,
          "column": 32
        },
        "end": {
          "line": 16,
          "column": 51
        }
      }
    },
    "fnMap": {
      "0": {
        "name": "(anonymous_0)",
        "decl": {
          "start": {
            "line": 9,
            "column": 4
          },
          "end": {
            "line": 9,
            "column": 5
          }
        },
        "loc": {
          "start": {
            "line": 9,
            "column": 32
          },
          "end": {
            "line": 11,
            "column": 5
          }
        },
        "line": 9
      },
      "1": {
        "name": "(anonymous_1)",
        "decl": {
          "start": {
            "line": 15,
            "column": 25
          },
          "end": {
            "line": 15,
            "column": 26
          }
        },
        "loc": {
          "start": {
            "line": 15,
            "column": 36
          },
          "end": {
            "line": 15,
            "column": 55
          }
        },
        "line": 15
      }
    },
    "branchMap": {},
    "s": {
      "0": 3,
      "1": 3,
      "2": 0,
      "3": 3,
      "4": 32,
      "5": 3
    },
    "f": {
      "0": 0,
      "1": 32
    },
    "b": {},
    "inputSourceMap": {
      "version": 3,
      "sources": [
        "D:/development/rs_school/React2023Q1/src/store/reducers/SearchSlice.ts"
      ],
      "mappings": "AAAA,SAAS,mBAAkC;AAG3C,MAAM,eAAe;AAAA,EACnB,QAAQ;AACV;AAEA,MAAM,cAAc,YAAY;AAAA,EAC9B,MAAM;AAAA,EACN;AAAA,EACA,UAAU;AAAA,IACR,aAAa,OAAO,QAA+B;AACjD,YAAM,SAAS,OAAO;AAAA,IACxB;AAAA,EACF;AACF,CAAC;AAED,eAAe,YAAY;AACpB,aAAM,YAAY,CAAC,UAAqB,MAAM,OAAO;AACrD,aAAM,EAAE,aAAa,IAAI,YAAY;",
      "names": []
    },
    "_coverageSchema": "1a1c01bbd47fc00a2c39e90264f33305004495a9",
    "hash": "8d88a827929938624dbe889b6f5c691535ce970d"
  },
  "D:/development/rs_school/React2023Q1/src/services/rickandmorty/rickandmorty.service.ts": {
    "path": "D:/development/rs_school/React2023Q1/src/services/rickandmorty/rickandmorty.service.ts",
    "statementMap": {
      "0": {
        "start": {
          "line": 8,
          "column": 18
        },
        "end": {
          "line": 11,
          "column": 1
        }
      },
      "1": {
        "start": {
          "line": 12,
          "column": 24
        },
        "end": {
          "line": 12,
          "column": 58
        }
      },
      "2": {
        "start": {
          "line": 13,
          "column": 31
        },
        "end": {
          "line": 24,
          "column": 2
        }
      },
      "3": {
        "start": {
          "line": 16,
          "column": 27
        },
        "end": {
          "line": 23,
          "column": 3
        }
      },
      "4": {
        "start": {
          "line": 18,
          "column": 23
        },
        "end": {
          "line": 18,
          "column": 48
        }
      },
      "5": {
        "start": {
          "line": 21,
          "column": 21
        },
        "end": {
          "line": 21,
          "column": 38
        }
      }
    },
    "fnMap": {
      "0": {
        "name": "(anonymous_0)",
        "decl": {
          "start": {
            "line": 16,
            "column": 13
          },
          "end": {
            "line": 16,
            "column": 14
          }
        },
        "loc": {
          "start": {
            "line": 16,
            "column": 27
          },
          "end": {
            "line": 23,
            "column": 3
          }
        },
        "line": 16
      },
      "1": {
        "name": "(anonymous_1)",
        "decl": {
          "start": {
            "line": 18,
            "column": 13
          },
          "end": {
            "line": 18,
            "column": 14
          }
        },
        "loc": {
          "start": {
            "line": 18,
            "column": 23
          },
          "end": {
            "line": 18,
            "column": 48
          }
        },
        "line": 18
      },
      "2": {
        "name": "(anonymous_2)",
        "decl": {
          "start": {
            "line": 21,
            "column": 13
          },
          "end": {
            "line": 21,
            "column": 14
          }
        },
        "loc": {
          "start": {
            "line": 21,
            "column": 21
          },
          "end": {
            "line": 21,
            "column": 38
          }
        },
        "line": 21
      }
    },
    "branchMap": {},
    "s": {
      "0": 3,
      "1": 3,
      "2": 3,
      "3": 3,
      "4": 0,
      "5": 1
    },
    "f": {
      "0": 3,
      "1": 0,
      "2": 1
    },
    "b": {},
    "inputSourceMap": {
      "version": 3,
      "sources": [
        "D:/development/rs_school/React2023Q1/src/services/rickandmorty/rickandmorty.service.ts"
      ],
      "mappings": "AAAA,OAAO;AACP;AAAA,EACE;AAAA,EACA;AAAA,EACA;AAAA,EACA;AAAA,OACK;AAMP,MAAM,YAAY;AAAA,EAChB,WAAW;AAAA,EACX,iBAAiB,EAAE,+BAA+B,KAAK,CAAC;AAC1D;AAEO,aAAM,WAAW;AAEjB,aAAM,kBAAkB,UAAU;AAAA,EACvC,aAAa;AAAA,EACb,WAAW,eAAe,EAAE,SAAS,SAAS,CAAC;AAAA,EAC/C,WAAW,CAAC,aAAa;AAAA,IACvB,qBAAqB,QAAQ,MAA8C;AAAA,MACzE,OAAO,CAAC,SAAS,mBAAmB;AAAA,IACtC,CAAC;AAAA,IACD,mBAAmB,QAAQ,MAAsC;AAAA,MAC/D,OAAO,CAAC,OAAO,aAAa;AAAA,IAC9B,CAAC;AAAA,EACH;AACF,CAAC;",
      "names": []
    },
    "_coverageSchema": "1a1c01bbd47fc00a2c39e90264f33305004495a9",
    "hash": "279eecca55c1a8840e17439828432844acea734d"
  },
  "D:/development/rs_school/React2023Q1/src/components/components/SearchForm/SearchForm.tsx": {
    "path": "D:/development/rs_school/React2023Q1/src/components/components/SearchForm/SearchForm.tsx",
    "statementMap": {
      "0": {
        "start": {
          "line": 5,
          "column": 0
        },
        "end": {
          "line": 15,
          "column": 1
        }
      },
      "1": {
        "start": {
          "line": 6,
          "column": 2
        },
        "end": {
          "line": 8,
          "column": 3
        }
      },
      "2": {
        "start": {
          "line": 7,
          "column": 4
        },
        "end": {
          "line": 7,
          "column": 165
        }
      },
      "3": {
        "start": {
          "line": 9,
          "column": 2
        },
        "end": {
          "line": 9,
          "column": 39
        }
      },
      "4": {
        "start": {
          "line": 10,
          "column": 2
        },
        "end": {
          "line": 10,
          "column": 39
        }
      },
      "5": {
        "start": {
          "line": 11,
          "column": 2
        },
        "end": {
          "line": 13,
          "column": 4
        }
      },
      "6": {
        "start": {
          "line": 12,
          "column": 4
        },
        "end": {
          "line": 12,
          "column": 132
        }
      },
      "7": {
        "start": {
          "line": 14,
          "column": 2
        },
        "end": {
          "line": 14,
          "column": 75
        }
      },
      "8": {
        "start": {
          "line": 16,
          "column": 9
        },
        "end": {
          "line": 16,
          "column": 23
        }
      },
      "9": {
        "start": {
          "line": 23,
          "column": 19
        },
        "end": {
          "line": 59,
          "column": 1
        }
      },
      "10": {
        "start": {
          "line": 24,
          "column": 2
        },
        "end": {
          "line": 24,
          "column": 7
        }
      },
      "11": {
        "start": {
          "line": 25,
          "column": 19
        },
        "end": {
          "line": 25,
          "column": 35
        }
      },
      "12": {
        "start": {
          "line": 26,
          "column": 17
        },
        "end": {
          "line": 26,
          "column": 42
        }
      },
      "13": {
        "start": {
          "line": 27,
          "column": 40
        },
        "end": {
          "line": 27,
          "column": 62
        }
      },
      "14": {
        "start": {
          "line": 28,
          "column": 20
        },
        "end": {
          "line": 28,
          "column": 80
        }
      },
      "15": {
        "start": {
          "line": 32,
          "column": 6
        },
        "end": {
          "line": 35,
          "column": 4
        }
      },
      "16": {
        "start": {
          "line": 36,
          "column": 23
        },
        "end": {
          "line": 38,
          "column": 3
        }
      },
      "17": {
        "start": {
          "line": 37,
          "column": 4
        },
        "end": {
          "line": 37,
          "column": 42
        }
      },
      "18": {
        "start": {
          "line": 39,
          "column": 19
        },
        "end": {
          "line": 42,
          "column": 3
        }
      },
      "19": {
        "start": {
          "line": 40,
          "column": 4
        },
        "end": {
          "line": 40,
          "column": 40
        }
      },
      "20": {
        "start": {
          "line": 41,
          "column": 4
        },
        "end": {
          "line": 41,
          "column": 31
        }
      },
      "21": {
        "start": {
          "line": 43,
          "column": 2
        },
        "end": {
          "line": 58,
          "column": 11
        }
      },
      "22": {
        "start": {
          "line": 60,
          "column": 0
        },
        "end": {
          "line": 62,
          "column": 3
        }
      },
      "23": {
        "start": {
          "line": 61,
          "column": 2
        },
        "end": {
          "line": 61,
          "column": 51
        }
      },
      "24": {
        "start": {
          "line": 63,
          "column": 0
        },
        "end": {
          "line": 63,
          "column": 16
        }
      },
      "25": {
        "start": {
          "line": 66,
          "column": 0
        },
        "end": {
          "line": 66,
          "column": 31
        }
      },
      "26": {
        "start": {
          "line": 67,
          "column": 0
        },
        "end": {
          "line": 83,
          "column": 1
        }
      },
      "27": {
        "start": {
          "line": 68,
          "column": 2
        },
        "end": {
          "line": 68,
          "column": 39
        }
      },
      "28": {
        "start": {
          "line": 69,
          "column": 2
        },
        "end": {
          "line": 69,
          "column": 39
        }
      },
      "29": {
        "start": {
          "line": 70,
          "column": 2
        },
        "end": {
          "line": 82,
          "column": 5
        }
      },
      "30": {
        "start": {
          "line": 74,
          "column": 4
        },
        "end": {
          "line": 74,
          "column": 158
        }
      },
      "31": {
        "start": {
          "line": 75,
          "column": 4
        },
        "end": {
          "line": 81,
          "column": 7
        }
      },
      "32": {
        "start": {
          "line": 76,
          "column": 6
        },
        "end": {
          "line": 77,
          "column": 15
        }
      },
      "33": {
        "start": {
          "line": 77,
          "column": 8
        },
        "end": {
          "line": 77,
          "column": 15
        }
      },
      "34": {
        "start": {
          "line": 78,
          "column": 32
        },
        "end": {
          "line": 78,
          "column": 115
        }
      },
      "35": {
        "start": {
          "line": 79,
          "column": 6
        },
        "end": {
          "line": 80,
          "column": 54
        }
      },
      "36": {
        "start": {
          "line": 80,
          "column": 8
        },
        "end": {
          "line": 80,
          "column": 54
        }
      }
    },
    "fnMap": {
      "0": {
        "name": "(anonymous_0)",
        "decl": {
          "start": {
            "line": 11,
            "column": 24
          },
          "end": {
            "line": 11,
            "column": 25
          }
        },
        "loc": {
          "start": {
            "line": 11,
            "column": 38
          },
          "end": {
            "line": 13,
            "column": 3
          }
        },
        "line": 11
      },
      "1": {
        "name": "(anonymous_1)",
        "decl": {
          "start": {
            "line": 23,
            "column": 19
          },
          "end": {
            "line": 23,
            "column": 20
          }
        },
        "loc": {
          "start": {
            "line": 23,
            "column": 25
          },
          "end": {
            "line": 59,
            "column": 1
          }
        },
        "line": 23
      },
      "2": {
        "name": "(anonymous_2)",
        "decl": {
          "start": {
            "line": 36,
            "column": 23
          },
          "end": {
            "line": 36,
            "column": 24
          }
        },
        "loc": {
          "start": {
            "line": 36,
            "column": 30
          },
          "end": {
            "line": 38,
            "column": 3
          }
        },
        "line": 36
      },
      "3": {
        "name": "(anonymous_3)",
        "decl": {
          "start": {
            "line": 39,
            "column": 19
          },
          "end": {
            "line": 39,
            "column": 20
          }
        },
        "loc": {
          "start": {
            "line": 39,
            "column": 31
          },
          "end": {
            "line": 42,
            "column": 3
          }
        },
        "line": 39
      },
      "4": {
        "name": "(anonymous_4)",
        "decl": {
          "start": {
            "line": 60,
            "column": 53
          },
          "end": {
            "line": 60,
            "column": 54
          }
        },
        "loc": {
          "start": {
            "line": 60,
            "column": 64
          },
          "end": {
            "line": 62,
            "column": 1
          }
        },
        "line": 60
      },
      "5": {
        "name": "(anonymous_5)",
        "decl": {
          "start": {
            "line": 73,
            "column": 9
          },
          "end": {
            "line": 73,
            "column": 10
          }
        },
        "loc": {
          "start": {
            "line": 73,
            "column": 29
          },
          "end": {
            "line": 82,
            "column": 3
          }
        },
        "line": 73
      },
      "6": {
        "name": "(anonymous_6)",
        "decl": {
          "start": {
            "line": 75,
            "column": 27
          },
          "end": {
            "line": 75,
            "column": 28
          }
        },
        "loc": {
          "start": {
            "line": 75,
            "column": 44
          },
          "end": {
            "line": 81,
            "column": 5
          }
        },
        "line": 75
      }
    },
    "branchMap": {
      "0": {
        "loc": {
          "start": {
            "line": 5,
            "column": 0
          },
          "end": {
            "line": 15,
            "column": 1
          }
        },
        "type": "if",
        "locations": [
          {
            "start": {
              "line": 5,
              "column": 0
            },
            "end": {
              "line": 15,
              "column": 1
            }
          },
          {
            "start": {},
            "end": {}
          }
        ],
        "line": 5
      },
      "1": {
        "loc": {
          "start": {
            "line": 6,
            "column": 2
          },
          "end": {
            "line": 8,
            "column": 3
          }
        },
        "type": "if",
        "locations": [
          {
            "start": {
              "line": 6,
              "column": 2
            },
            "end": {
              "line": 8,
              "column": 3
            }
          },
          {
            "start": {},
            "end": {}
          }
        ],
        "line": 6
      },
      "2": {
        "loc": {
          "start": {
            "line": 27,
            "column": 49
          },
          "end": {
            "line": 27,
            "column": 61
          }
        },
        "type": "binary-expr",
        "locations": [
          {
            "start": {
              "line": 27,
              "column": 49
            },
            "end": {
              "line": 27,
              "column": 55
            }
          },
          {
            "start": {
              "line": 27,
              "column": 59
            },
            "end": {
              "line": 27,
              "column": 61
            }
          }
        ],
        "line": 27
      },
      "3": {
        "loc": {
          "start": {
            "line": 67,
            "column": 0
          },
          "end": {
            "line": 83,
            "column": 1
          }
        },
        "type": "if",
        "locations": [
          {
            "start": {
              "line": 67,
              "column": 0
            },
            "end": {
              "line": 83,
              "column": 1
            }
          },
          {
            "start": {},
            "end": {}
          }
        ],
        "line": 67
      },
      "4": {
        "loc": {
          "start": {
            "line": 76,
            "column": 6
          },
          "end": {
            "line": 77,
            "column": 15
          }
        },
        "type": "if",
        "locations": [
          {
            "start": {
              "line": 76,
              "column": 6
            },
            "end": {
              "line": 77,
              "column": 15
            }
          },
          {
            "start": {},
            "end": {}
          }
        ],
        "line": 76
      },
      "5": {
        "loc": {
          "start": {
            "line": 79,
            "column": 6
          },
          "end": {
            "line": 80,
            "column": 54
          }
        },
        "type": "if",
        "locations": [
          {
            "start": {
              "line": 79,
              "column": 6
            },
            "end": {
              "line": 80,
              "column": 54
            }
          },
          {
            "start": {},
            "end": {}
          }
        ],
        "line": 79
      }
    },
    "s": {
      "0": 3,
      "1": 3,
      "2": 0,
      "3": 3,
      "4": 3,
      "5": 3,
      "6": 3,
      "7": 3,
      "8": 3,
      "9": 3,
      "10": 6,
      "11": 6,
      "12": 6,
      "13": 6,
      "14": 6,
      "15": 6,
      "16": 6,
      "17": 0,
      "18": 6,
      "19": 0,
      "20": 0,
      "21": 6,
      "22": 3,
      "23": 3,
      "24": 3,
      "25": 3,
      "26": 3,
      "27": 3,
      "28": 3,
      "29": 3,
      "30": 3,
      "31": 3,
      "32": 0,
      "33": 0,
      "34": 0,
      "35": 0,
      "36": 0
    },
    "f": {
      "0": 3,
      "1": 6,
      "2": 0,
      "3": 0,
      "4": 3,
      "5": 3,
      "6": 0
    },
    "b": {
      "0": [
        3,
        0
      ],
      "1": [
        0,
        3
      ],
      "2": [
        6,
        6
      ],
      "3": [
        3,
        0
      ],
      "4": [
        0,
        0
      ],
      "5": [
        0,
        0
      ]
    },
    "inputSourceMap": {
      "version": 3,
      "mappings": "AAuCM;;;;;;;;;;;;;;;;AAvCN,SAASA,gBAAgBC,sBAAsB;AAC/C,SAASC,WAAWC,oBAAoB;AACxC,SAAoBC,gBAAgB;AACpC,SAASC,eAA8B;AACvC,OAAOC,aAAa;AACpB,SAASC,uBAAuB;AAMhC,MAAMC,aAAiBA,MAAM;AAAAC;AAC3B,QAAMC,WAAWV,eAAe;AAChC,QAAMW,SAASV,eAAeC,SAAS;AACvC,QAAM,CAACU,aAAaC,cAAc,IAAIT,SAASO,UAAU,EAAE;AAE3D,QAAM,CAACG,OAAO,IACZP,gBAAgBQ,UAAUC,oBAAoBC,aAAa;AAE7D,QAAM;AAAA,IAAEC;AAAAA,IAAUC;AAAAA,EAAa,IAAId,QAAqB;AAAA,IACtDe,MAAM;AAAA,IACNC,gBAAgB;AAAA,EAClB,CAAC;AAED,QAAMC,eAAeA,CAACC,MAA+C;AACnEV,mBAAeU,EAAEC,cAAcC,KAAK;AAAA,EACtC;AAEA,QAAMC,WAAuC,YAAY;AACvDhB,aAASP,aAAaS,WAAW,CAAC;AAClC,UAAME,QAAQF,WAAW;AAAA,EAC3B;AAEA,SACE,uBAAC,UACC,WAAWN,QAAQqB,YACnB,QAAO,IACP,UAAUR,aAAaO,QAAQ,GAE/B;AAAA,2BAAC,YAAO,MAAK,YAAb;AAAA;AAAA;AAAA;AAAA,WAAsB;AAAA,IACtB,uBAAC,WACC,WAAWpB,QAAQsB,aACnB,GAAIV,SAAS,QAAQ,GACrB,MAAK,UACL,aAAY,QACZ,UAAUI,cACV,cAAcV,eANhB;AAAA;AAAA;AAAA;AAAA,WAM4B;AAAA,OAZ9B;AAAA;AAAA;AAAA;AAAA,SAcA;AAEJ;AAAEH,GAvCID,YAAc;AAAA,UACDR,gBACFC,gBAMoBI,OAAO;AAAA;AAAAwB,KARtCrB;AAyCN,eAAeA;AAAW;AAAAsB",
      "names": [
        "useAppDispatch",
        "useAppSelector",
        "getSearch",
        "changeSearch",
        "useState",
        "useForm",
        "classes",
        "rickAndMortyApi",
        "SearchForm",
        "_s",
        "dispatch",
        "search",
        "searchValue",
        "setsearchValue",
        "trigger",
        "endpoints",
        "getCharactersByName",
        "useLazyQuery",
        "register",
        "handleSubmit",
        "mode",
        "reValidateMode",
        "handleChange",
        "e",
        "currentTarget",
        "value",
        "onSubmit",
        "searchForm",
        "searchInput",
        "_c",
        "$RefreshReg$"
      ],
      "sources": [
        "D:/development/rs_school/React2023Q1/src/components/components/SearchForm/SearchForm.tsx"
      ],
      "file": "D:/development/rs_school/React2023Q1/src/components/components/SearchForm/SearchForm.tsx"
    },
    "_coverageSchema": "1a1c01bbd47fc00a2c39e90264f33305004495a9",
    "hash": "21d9eba8e2a7921d736e410a164756679bfc795c"
  },
  "D:/development/rs_school/React2023Q1/src/components/components/CardItem/CardItem.tsx": {
    "path": "D:/development/rs_school/React2023Q1/src/components/components/CardItem/CardItem.tsx",
    "statementMap": {
      "0": {
        "start": {
          "line": 5,
          "column": 0
        },
        "end": {
          "line": 15,
          "column": 1
        }
      },
      "1": {
        "start": {
          "line": 6,
          "column": 2
        },
        "end": {
          "line": 8,
          "column": 3
        }
      },
      "2": {
        "start": {
          "line": 7,
          "column": 4
        },
        "end": {
          "line": 7,
          "column": 165
        }
      },
      "3": {
        "start": {
          "line": 9,
          "column": 2
        },
        "end": {
          "line": 9,
          "column": 39
        }
      },
      "4": {
        "start": {
          "line": 10,
          "column": 2
        },
        "end": {
          "line": 10,
          "column": 39
        }
      },
      "5": {
        "start": {
          "line": 11,
          "column": 2
        },
        "end": {
          "line": 13,
          "column": 4
        }
      },
      "6": {
        "start": {
          "line": 12,
          "column": 4
        },
        "end": {
          "line": 12,
          "column": 128
        }
      },
      "7": {
        "start": {
          "line": 14,
          "column": 2
        },
        "end": {
          "line": 14,
          "column": 75
        }
      },
      "8": {
        "start": {
          "line": 17,
          "column": 17
        },
        "end": {
          "line": 113,
          "column": 1
        }
      },
      "9": {
        "start": {
          "line": 21,
          "column": 2
        },
        "end": {
          "line": 112,
          "column": 11
        }
      },
      "10": {
        "start": {
          "line": 114,
          "column": 0
        },
        "end": {
          "line": 114,
          "column": 14
        }
      },
      "11": {
        "start": {
          "line": 117,
          "column": 0
        },
        "end": {
          "line": 117,
          "column": 29
        }
      },
      "12": {
        "start": {
          "line": 118,
          "column": 0
        },
        "end": {
          "line": 134,
          "column": 1
        }
      },
      "13": {
        "start": {
          "line": 119,
          "column": 2
        },
        "end": {
          "line": 119,
          "column": 39
        }
      },
      "14": {
        "start": {
          "line": 120,
          "column": 2
        },
        "end": {
          "line": 120,
          "column": 39
        }
      },
      "15": {
        "start": {
          "line": 121,
          "column": 2
        },
        "end": {
          "line": 133,
          "column": 5
        }
      },
      "16": {
        "start": {
          "line": 125,
          "column": 4
        },
        "end": {
          "line": 125,
          "column": 154
        }
      },
      "17": {
        "start": {
          "line": 126,
          "column": 4
        },
        "end": {
          "line": 132,
          "column": 7
        }
      },
      "18": {
        "start": {
          "line": 127,
          "column": 6
        },
        "end": {
          "line": 128,
          "column": 15
        }
      },
      "19": {
        "start": {
          "line": 128,
          "column": 8
        },
        "end": {
          "line": 128,
          "column": 15
        }
      },
      "20": {
        "start": {
          "line": 129,
          "column": 32
        },
        "end": {
          "line": 129,
          "column": 115
        }
      },
      "21": {
        "start": {
          "line": 130,
          "column": 6
        },
        "end": {
          "line": 131,
          "column": 54
        }
      },
      "22": {
        "start": {
          "line": 131,
          "column": 8
        },
        "end": {
          "line": 131,
          "column": 54
        }
      }
    },
    "fnMap": {
      "0": {
        "name": "(anonymous_0)",
        "decl": {
          "start": {
            "line": 11,
            "column": 24
          },
          "end": {
            "line": 11,
            "column": 25
          }
        },
        "loc": {
          "start": {
            "line": 11,
            "column": 38
          },
          "end": {
            "line": 13,
            "column": 3
          }
        },
        "line": 11
      },
      "1": {
        "name": "(anonymous_1)",
        "decl": {
          "start": {
            "line": 17,
            "column": 17
          },
          "end": {
            "line": 17,
            "column": 18
          }
        },
        "loc": {
          "start": {
            "line": 20,
            "column": 6
          },
          "end": {
            "line": 113,
            "column": 1
          }
        },
        "line": 20
      },
      "2": {
        "name": "(anonymous_2)",
        "decl": {
          "start": {
            "line": 124,
            "column": 9
          },
          "end": {
            "line": 124,
            "column": 10
          }
        },
        "loc": {
          "start": {
            "line": 124,
            "column": 29
          },
          "end": {
            "line": 133,
            "column": 3
          }
        },
        "line": 124
      },
      "3": {
        "name": "(anonymous_3)",
        "decl": {
          "start": {
            "line": 126,
            "column": 27
          },
          "end": {
            "line": 126,
            "column": 28
          }
        },
        "loc": {
          "start": {
            "line": 126,
            "column": 44
          },
          "end": {
            "line": 132,
            "column": 5
          }
        },
        "line": 126
      }
    },
    "branchMap": {
      "0": {
        "loc": {
          "start": {
            "line": 5,
            "column": 0
          },
          "end": {
            "line": 15,
            "column": 1
          }
        },
        "type": "if",
        "locations": [
          {
            "start": {
              "line": 5,
              "column": 0
            },
            "end": {
              "line": 15,
              "column": 1
            }
          },
          {
            "start": {},
            "end": {}
          }
        ],
        "line": 5
      },
      "1": {
        "loc": {
          "start": {
            "line": 6,
            "column": 2
          },
          "end": {
            "line": 8,
            "column": 3
          }
        },
        "type": "if",
        "locations": [
          {
            "start": {
              "line": 6,
              "column": 2
            },
            "end": {
              "line": 8,
              "column": 3
            }
          },
          {
            "start": {},
            "end": {}
          }
        ],
        "line": 6
      },
      "2": {
        "loc": {
          "start": {
            "line": 45,
            "column": 6
          },
          "end": {
            "line": 102,
            "column": 14
          }
        },
        "type": "binary-expr",
        "locations": [
          {
            "start": {
              "line": 45,
              "column": 6
            },
            "end": {
              "line": 45,
              "column": 14
            }
          },
          {
            "start": {
              "line": 45,
              "column": 34
            },
            "end": {
              "line": 102,
              "column": 14
            }
          }
        ],
        "line": 45
      },
      "3": {
        "loc": {
          "start": {
            "line": 118,
            "column": 0
          },
          "end": {
            "line": 134,
            "column": 1
          }
        },
        "type": "if",
        "locations": [
          {
            "start": {
              "line": 118,
              "column": 0
            },
            "end": {
              "line": 134,
              "column": 1
            }
          },
          {
            "start": {},
            "end": {}
          }
        ],
        "line": 118
      },
      "4": {
        "loc": {
          "start": {
            "line": 127,
            "column": 6
          },
          "end": {
            "line": 128,
            "column": 15
          }
        },
        "type": "if",
        "locations": [
          {
            "start": {
              "line": 127,
              "column": 6
            },
            "end": {
              "line": 128,
              "column": 15
            }
          },
          {
            "start": {},
            "end": {}
          }
        ],
        "line": 127
      },
      "5": {
        "loc": {
          "start": {
            "line": 130,
            "column": 6
          },
          "end": {
            "line": 131,
            "column": 54
          }
        },
        "type": "if",
        "locations": [
          {
            "start": {
              "line": 130,
              "column": 6
            },
            "end": {
              "line": 131,
              "column": 54
            }
          },
          {
            "start": {},
            "end": {}
          }
        ],
        "line": 130
      }
    },
    "s": {
      "0": 3,
      "1": 3,
      "2": 0,
      "3": 3,
      "4": 3,
      "5": 3,
      "6": 3,
      "7": 3,
      "8": 3,
      "9": 121,
      "10": 3,
      "11": 3,
      "12": 3,
      "13": 3,
      "14": 3,
      "15": 3,
      "16": 3,
      "17": 3,
      "18": 0,
      "19": 0,
      "20": 0,
      "21": 0,
      "22": 0
    },
    "f": {
      "0": 3,
      "1": 121,
      "2": 3,
      "3": 0
    },
    "b": {
      "0": [
        3,
        0
      ],
      "1": [
        0,
        3
      ],
      "2": [
        121,
        1
      ],
      "3": [
        3,
        0
      ],
      "4": [
        0,
        0
      ],
      "5": [
        0,
        0
      ]
    },
    "inputSourceMap": {
      "version": 3,
      "mappings": "AAaQ,SAWE,UAXF;AAbR,OAAOA,oBAAmB;AAAO;AAAA;AAAA;AAAA;AAAA;AAAA;AAAA;AAAA;AAAA;AAAA;AAAA;AAAA;AAAA;AAEjC,OAAOC,aAAa;AAOpB,MAAMC,WAA8BA,CAAC;AAAA,EAAEC;AAAAA,EAAWC;AAAS,MAAM;AAC/D,SACE,uBAAC,QAAG,WAAWH,QAAQI,MACrB;AAAA,2BAAC,SAAI,WAAWJ,QAAQK,QACtB,iCAAC,SACC,WAAWL,QAAQM,OACnB,KAAKJ,UAAUK,MACf,KAAKL,UAAUI,SAHjB;AAAA;AAAA;AAAA;AAAA,WAGuB,KAJzB;AAAA;AAAA;AAAA;AAAA,WAMA;AAAA,IACA,uBAAC,SAAI,WAAWN,QAAQQ,SACtB;AAAA,6BAAC,QAAG,WAAWR,QAAQS,MACrB;AAAA,+BAAC,UAAK,qBAAN;AAAA;AAAA;AAAA;AAAA,eAAW;AAAA,QAAO;AAAA,QAAEP,UAAUK;AAAAA,WADhC;AAAA;AAAA;AAAA;AAAA,aAEA;AAAA,MACCJ,YACC,mCACE;AAAA,+BAAC,QAAG,WAAWH,QAAQS,MACrB;AAAA,iCAAC,UAAK,uBAAN;AAAA;AAAA;AAAA;AAAA,iBAAa;AAAA,UAAO;AAAA,UAAEP,UAAUQ;AAAAA,aADlC;AAAA;AAAA;AAAA;AAAA,eAEA;AAAA,QACA,uBAAC,QAAG,WAAWV,QAAQS,MACrB;AAAA,iCAAC,UAAK,wBAAN;AAAA;AAAA;AAAA;AAAA,iBAAc;AAAA,UAAO;AAAA,UAAEP,UAAUS;AAAAA,aADnC;AAAA;AAAA;AAAA;AAAA,eAEA;AAAA,QACA,uBAAC,QAAG,WAAWX,QAAQS,MACrB;AAAA,iCAAC,UAAK,uBAAN;AAAA;AAAA;AAAA;AAAA,iBAAa;AAAA,UAAO;AAAA,UAAEP,UAAUU;AAAAA,aADlC;AAAA;AAAA;AAAA;AAAA,eAEA;AAAA,QACA,uBAAC,QAAG,WAAWZ,QAAQS,MACrB;AAAA,iCAAC,UAAK,uBAAN;AAAA;AAAA;AAAA;AAAA,iBAAa;AAAA,UAAO;AAAA,UAAEP,UAAUW,OAAON;AAAAA,aADzC;AAAA;AAAA;AAAA;AAAA,eAEA;AAAA,WAZF;AAAA;AAAA;AAAA;AAAA,aAaA;AAAA,SAlBJ;AAAA;AAAA;AAAA;AAAA,WAoBA;AAAA,OA5BF;AAAA;AAAA;AAAA;AAAA,SA6BA;AAEJ;AAAEO,KAjCIb;AAmCN,eAAeA;AAAS;AAAAc",
      "names": [
        "React",
        "classes",
        "CardItem",
        "character",
        "fullInfo",
        "item",
        "header",
        "image",
        "name",
        "content",
        "info",
        "gender",
        "species",
        "status",
        "origin",
        "_c",
        "$RefreshReg$"
      ],
      "sources": [
        "D:/development/rs_school/React2023Q1/src/components/components/CardItem/CardItem.tsx"
      ],
      "file": "D:/development/rs_school/React2023Q1/src/components/components/CardItem/CardItem.tsx"
    },
    "_coverageSchema": "1a1c01bbd47fc00a2c39e90264f33305004495a9",
    "hash": "3428bb2acb9e9a37354bd442d34d8c4a44235540"
  },
  "D:/development/rs_school/React2023Q1/src/components/components/CardList/CardList.tsx": {
    "path": "D:/development/rs_school/React2023Q1/src/components/components/CardList/CardList.tsx",
    "statementMap": {
      "0": {
        "start": {
          "line": 5,
          "column": 0
        },
        "end": {
          "line": 15,
          "column": 1
        }
      },
      "1": {
        "start": {
          "line": 6,
          "column": 2
        },
        "end": {
          "line": 8,
          "column": 3
        }
      },
      "2": {
        "start": {
          "line": 7,
          "column": 4
        },
        "end": {
          "line": 7,
          "column": 165
        }
      },
      "3": {
        "start": {
          "line": 9,
          "column": 2
        },
        "end": {
          "line": 9,
          "column": 39
        }
      },
      "4": {
        "start": {
          "line": 10,
          "column": 2
        },
        "end": {
          "line": 10,
          "column": 39
        }
      },
      "5": {
        "start": {
          "line": 11,
          "column": 2
        },
        "end": {
          "line": 13,
          "column": 4
        }
      },
      "6": {
        "start": {
          "line": 12,
          "column": 4
        },
        "end": {
          "line": 12,
          "column": 128
        }
      },
      "7": {
        "start": {
          "line": 14,
          "column": 2
        },
        "end": {
          "line": 14,
          "column": 75
        }
      },
      "8": {
        "start": {
          "line": 18,
          "column": 17
        },
        "end": {
          "line": 41,
          "column": 1
        }
      },
      "9": {
        "start": {
          "line": 24,
          "column": 4
        },
        "end": {
          "line": 24,
          "column": 27
        }
      },
      "10": {
        "start": {
          "line": 25,
          "column": 4
        },
        "end": {
          "line": 25,
          "column": 21
        }
      },
      "11": {
        "start": {
          "line": 26,
          "column": 4
        },
        "end": {
          "line": 26,
          "column": 25
        }
      },
      "12": {
        "start": {
          "line": 28,
          "column": 2
        },
        "end": {
          "line": 40,
          "column": 11
        }
      },
      "13": {
        "start": {
          "line": 28,
          "column": 125
        },
        "end": {
          "line": 36,
          "column": 10
        }
      },
      "14": {
        "start": {
          "line": 28,
          "column": 165
        },
        "end": {
          "line": 28,
          "column": 193
        }
      },
      "15": {
        "start": {
          "line": 42,
          "column": 0
        },
        "end": {
          "line": 42,
          "column": 14
        }
      },
      "16": {
        "start": {
          "line": 45,
          "column": 0
        },
        "end": {
          "line": 45,
          "column": 29
        }
      },
      "17": {
        "start": {
          "line": 46,
          "column": 0
        },
        "end": {
          "line": 62,
          "column": 1
        }
      },
      "18": {
        "start": {
          "line": 47,
          "column": 2
        },
        "end": {
          "line": 47,
          "column": 39
        }
      },
      "19": {
        "start": {
          "line": 48,
          "column": 2
        },
        "end": {
          "line": 48,
          "column": 39
        }
      },
      "20": {
        "start": {
          "line": 49,
          "column": 2
        },
        "end": {
          "line": 61,
          "column": 5
        }
      },
      "21": {
        "start": {
          "line": 53,
          "column": 4
        },
        "end": {
          "line": 53,
          "column": 154
        }
      },
      "22": {
        "start": {
          "line": 54,
          "column": 4
        },
        "end": {
          "line": 60,
          "column": 7
        }
      },
      "23": {
        "start": {
          "line": 55,
          "column": 6
        },
        "end": {
          "line": 56,
          "column": 15
        }
      },
      "24": {
        "start": {
          "line": 56,
          "column": 8
        },
        "end": {
          "line": 56,
          "column": 15
        }
      },
      "25": {
        "start": {
          "line": 57,
          "column": 32
        },
        "end": {
          "line": 57,
          "column": 115
        }
      },
      "26": {
        "start": {
          "line": 58,
          "column": 6
        },
        "end": {
          "line": 59,
          "column": 54
        }
      },
      "27": {
        "start": {
          "line": 59,
          "column": 8
        },
        "end": {
          "line": 59,
          "column": 54
        }
      }
    },
    "fnMap": {
      "0": {
        "name": "(anonymous_0)",
        "decl": {
          "start": {
            "line": 11,
            "column": 24
          },
          "end": {
            "line": 11,
            "column": 25
          }
        },
        "loc": {
          "start": {
            "line": 11,
            "column": 38
          },
          "end": {
            "line": 13,
            "column": 3
          }
        },
        "line": 11
      },
      "1": {
        "name": "(anonymous_1)",
        "decl": {
          "start": {
            "line": 18,
            "column": 17
          },
          "end": {
            "line": 18,
            "column": 18
          }
        },
        "loc": {
          "start": {
            "line": 22,
            "column": 6
          },
          "end": {
            "line": 41,
            "column": 1
          }
        },
        "line": 22
      },
      "2": {
        "name": "handleClick",
        "decl": {
          "start": {
            "line": 23,
            "column": 11
          },
          "end": {
            "line": 23,
            "column": 22
          }
        },
        "loc": {
          "start": {
            "line": 23,
            "column": 34
          },
          "end": {
            "line": 27,
            "column": 3
          }
        },
        "line": 23
      },
      "3": {
        "name": "(anonymous_3)",
        "decl": {
          "start": {
            "line": 28,
            "column": 94
          },
          "end": {
            "line": 28,
            "column": 95
          }
        },
        "loc": {
          "start": {
            "line": 28,
            "column": 125
          },
          "end": {
            "line": 36,
            "column": 10
          }
        },
        "line": 28
      },
      "4": {
        "name": "(anonymous_4)",
        "decl": {
          "start": {
            "line": 28,
            "column": 158
          },
          "end": {
            "line": 28,
            "column": 159
          }
        },
        "loc": {
          "start": {
            "line": 28,
            "column": 165
          },
          "end": {
            "line": 28,
            "column": 193
          }
        },
        "line": 28
      },
      "5": {
        "name": "(anonymous_5)",
        "decl": {
          "start": {
            "line": 52,
            "column": 9
          },
          "end": {
            "line": 52,
            "column": 10
          }
        },
        "loc": {
          "start": {
            "line": 52,
            "column": 29
          },
          "end": {
            "line": 61,
            "column": 3
          }
        },
        "line": 52
      },
      "6": {
        "name": "(anonymous_6)",
        "decl": {
          "start": {
            "line": 54,
            "column": 27
          },
          "end": {
            "line": 54,
            "column": 28
          }
        },
        "loc": {
          "start": {
            "line": 54,
            "column": 44
          },
          "end": {
            "line": 60,
            "column": 5
          }
        },
        "line": 54
      }
    },
    "branchMap": {
      "0": {
        "loc": {
          "start": {
            "line": 5,
            "column": 0
          },
          "end": {
            "line": 15,
            "column": 1
          }
        },
        "type": "if",
        "locations": [
          {
            "start": {
              "line": 5,
              "column": 0
            },
            "end": {
              "line": 15,
              "column": 1
            }
          },
          {
            "start": {},
            "end": {}
          }
        ],
        "line": 5
      },
      "1": {
        "loc": {
          "start": {
            "line": 6,
            "column": 2
          },
          "end": {
            "line": 8,
            "column": 3
          }
        },
        "type": "if",
        "locations": [
          {
            "start": {
              "line": 6,
              "column": 2
            },
            "end": {
              "line": 8,
              "column": 3
            }
          },
          {
            "start": {},
            "end": {}
          }
        ],
        "line": 6
      },
      "2": {
        "loc": {
          "start": {
            "line": 46,
            "column": 0
          },
          "end": {
            "line": 62,
            "column": 1
          }
        },
        "type": "if",
        "locations": [
          {
            "start": {
              "line": 46,
              "column": 0
            },
            "end": {
              "line": 62,
              "column": 1
            }
          },
          {
            "start": {},
            "end": {}
          }
        ],
        "line": 46
      },
      "3": {
        "loc": {
          "start": {
            "line": 55,
            "column": 6
          },
          "end": {
            "line": 56,
            "column": 15
          }
        },
        "type": "if",
        "locations": [
          {
            "start": {
              "line": 55,
              "column": 6
            },
            "end": {
              "line": 56,
              "column": 15
            }
          },
          {
            "start": {},
            "end": {}
          }
        ],
        "line": 55
      },
      "4": {
        "loc": {
          "start": {
            "line": 58,
            "column": 6
          },
          "end": {
            "line": 59,
            "column": 54
          }
        },
        "type": "if",
        "locations": [
          {
            "start": {
              "line": 58,
              "column": 6
            },
            "end": {
              "line": 59,
              "column": 54
            }
          },
          {
            "start": {},
            "end": {}
          }
        ],
        "line": 58
      }
    },
    "s": {
      "0": 3,
      "1": 3,
      "2": 0,
      "3": 3,
      "4": 3,
      "5": 3,
      "6": 3,
      "7": 3,
      "8": 3,
      "9": 1,
      "10": 1,
      "11": 1,
      "12": 6,
      "13": 120,
      "14": 1,
      "15": 3,
      "16": 3,
      "17": 3,
      "18": 3,
      "19": 3,
      "20": 3,
      "21": 3,
      "22": 3,
      "23": 0,
      "24": 0,
      "25": 0,
      "26": 0,
      "27": 0
    },
    "f": {
      "0": 3,
      "1": 6,
      "2": 1,
      "3": 120,
      "4": 1,
      "5": 3,
      "6": 0
    },
    "b": {
      "0": [
        3,
        0
      ],
      "1": [
        0,
        3
      ],
      "2": [
        3,
        0
      ],
      "3": [
        0,
        0
      ],
      "4": [
        0,
        0
      ]
    },
    "inputSourceMap": {
      "version": 3,
      "mappings": "AA6BU;AA7BV,OAAOA,oBAAmB;AAAO;AAAA;AAAA;AAAA;AAAA;AAAA;AAAA;AAAA;AAAA;AAAA;AAAA;AAAA;AAAA;AACjC,OAAOC,cAAc;AAErB,OAAOC,aAAa;AAQpB,MAAMC,WAA8BA,CAAC;AAAA,EACnCC;AAAAA,EACAC;AAAAA,EACAC;AACF,MAAM;AACJ,WAASC,YAAYC,OAA4CC,IAAY;AAC3ED,UAAME,eAAe;AACrBL,iBAAaI,EAAE;AACfH,mBAAe,IAAI;AAAA,EACrB;AACA,SACE,uBAAC,QAAG,WAAWJ,QAAQS,UACpBP,qBAAWQ,IAAKC,eACf,uBAAC,OACC,MAAK,IAEL,SAAUC,OAAMP,YAAYO,GAAGD,UAAUJ,EAAE,GAE3C,iCAAC,YAAS,WAAsB,UAAU,SAA1C;AAAA;AAAA;AAAA;AAAA,SAAgD,KAH3CI,UAAUJ,IAFjB;AAAA;AAAA;AAAA;AAAA,SAMA,CACD,KATH;AAAA;AAAA;AAAA;AAAA,SAUA;AAEJ;AAAEM,KAvBIZ;AAyBN,eAAeA;AAAS;AAAAa",
      "names": [
        "React",
        "CardItem",
        "classes",
        "CardList",
        "characters",
[...]
              "column": 1
            }
          },
          {
            "start": {},
            "end": {}
          }
        ],
        "line": 60
      },
      "3": {
        "loc": {
          "start": {
            "line": 69,
            "column": 6
          },
          "end": {
            "line": 70,
            "column": 15
          }
        },
        "type": "if",
        "locations": [
          {
            "start": {
              "line": 69,
              "column": 6
            },
            "end": {
              "line": 70,
              "column": 15
            }
          },
          {
            "start": {},
            "end": {}
          }
        ],
        "line": 69
      },
      "4": {
        "loc": {
          "start": {
            "line": 72,
            "column": 6
          },
          "end": {
            "line": 73,
            "column": 54
          }
        },
        "type": "if",
        "locations": [
          {
            "start": {
              "line": 72,
              "column": 6
            },
            "end": {
              "line": 73,
              "column": 54
            }
          },
          {
            "start": {},
            "end": {}
          }
        ],
        "line": 72
      }
    },
    "s": {
      "0": 3,
      "1": 3,
      "2": 0,
      "3": 3,
      "4": 3,
      "5": 3,
      "6": 6,
      "7": 3,
      "8": 3,
      "9": 3,
      "10": 3,
      "11": 1,
      "12": 3,
      "13": 3,
      "14": 3,
      "15": 3,
      "16": 3,
      "17": 3,
      "18": 3,
      "19": 3,
      "20": 3,
      "21": 0,
      "22": 0,
      "23": 0,
      "24": 0,
      "25": 0
    },
    "f": {
      "0": 6,
      "1": 1,
      "2": 3,
      "3": 0
    },
    "b": {
      "0": [
        3,
        0
      ],
      "1": [
        0,
        3
      ],
      "2": [
        3,
        0
      ],
      "3": [
        0,
        0
      ],
      "4": [
        0,
        0
      ]
    },
    "inputSourceMap": {
      "version": 3,
      "mappings": "AAqBI,mBACE,cADF;AArBJ,OAAOA,oBAAkB;AAAA;AAAA;AAAA;AAAA;AAAA;AAAA;AAAA;AAAA;AAAA;AAAA;AAAA;AAAA;AAAA;AACzB,OAAOC,YAAY;AACnB,OAAOC,YAAY;AACnB,OAAOC,kBAAkB;AAEzB,MAAMC,kBAAkBF,OAAOG;AAAAA;AAAAA;AAAAA;AAAAA;AAAAA;AAAAA;AAAAA;AAAAA;AAAAA;AAAAA;AAAAA;AAAAA;AAY7BC,KAZIF;AAcN,MAAMG,YAAYA,MAAM;AACtB,SACE,mCACE;AAAA,2BAAC,UAAO,OAAM,WAAd;AAAA;AAAA;AAAA;AAAA,WAAqB;AAAA,IACrB,uBAAC,mBACC,iCAAC,kBAAD;AAAA;AAAA;AAAA;AAAA,WAAa,KADf;AAAA;AAAA;AAAA;AAAA,WAEA;AAAA,OAJF;AAAA;AAAA;AAAA;AAAA,SAKA;AAEJ;AAAEC,MATID;AAWN,eAAeA;AAAU;AAAAE;AAAAA",
      "names": [
        "React",
        "Header",
        "styled",
        "FormsSection",
        "StyledFormsPage",
        "div",
        "_c",
        "FormsPage",
        "_c2",
        "$RefreshReg$"
      ],
      "sources": [
        "D:/development/rs_school/React2023Q1/src/pages/FormsPage.tsx"
      ],
      "file": "D:/development/rs_school/React2023Q1/src/pages/FormsPage.tsx"
    },
    "_coverageSchema": "1a1c01bbd47fc00a2c39e90264f33305004495a9",
    "hash": "451ec3829376727ebcf14172ad60ad98497cda7f"
  },
  "D:/development/rs_school/React2023Q1/src/routes.tsx": {
    "path": "D:/development/rs_school/React2023Q1/src/routes.tsx",
    "statementMap": {
      "0": {
        "start": {
          "line": 7,
          "column": 15
        },
        "end": {
          "line": 42,
          "column": 2
        }
      }
    },
    "fnMap": {},
    "branchMap": {},
    "s": {
      "0": 3
    },
    "f": {},
    "b": {},
    "inputSourceMap": {
      "version": 3,
      "mappings": "AASa;AARb,OAAOA,SAAS;AAChB,OAAOC,eAAe;AACtB,OAAOC,cAAc;AACrB,OAAOC,kBAAkB;AACzB,OAAOC,eAAe;AAEtB,MAAMC,SAAS,CACb;AAAA,EACEC,SAAS,uBAAC,SAAD;AAAA;AAAA;AAAA;AAAA,SAAI;AAAA,EACbC,UAAU,CACR;AAAA,IACEC,MAAM;AAAA,IACNF,SAAS,uBAAC,cAAD;AAAA;AAAA;AAAA;AAAA,WAAS;AAAA,EACpB,GACA;AAAA,IACEE,MAAM;AAAA,IACNF,SAAS,uBAAC,eAAD;AAAA;AAAA;AAAA;AAAA,WAAU;AAAA,EACrB,GACA;AAAA,IACEE,MAAM;AAAA,IACNF,SAAS,uBAAC,eAAD;AAAA;AAAA;AAAA;AAAA,WAAU;AAAA,EACrB,GACA;AAAA,IACEE,MAAM;AAAA,IACNF,SAAS,uBAAC,kBAAD;AAAA;AAAA;AAAA;AAAA,WAAa;AAAA,EACxB,CAAC;AAEL,CAAC;AAGH,eAAeD",
      "names": [
        "App",
        "AboutPage",
        "HomePage",
        "NotFoundPage",
        "FormsPage",
        "routes",
        "element",
        "children",
        "path"
      ],
      "sources": [
        "D:/development/rs_school/React2023Q1/src/routes.tsx"
      ],
      "file": "D:/development/rs_school/React2023Q1/src/routes.tsx"
    },
    "_coverageSchema": "1a1c01bbd47fc00a2c39e90264f33305004495a9",
    "hash": "07e5ecca92990b657810ed6c1f4175e712b9e2b5"
  },
  "D:/development/rs_school/React2023Q1/src/AppRoutes.tsx": {
    "path": "D:/development/rs_school/React2023Q1/src/AppRoutes.tsx",
    "statementMap": {
      "0": {
        "start": {
          "line": 4,
          "column": 0
        },
        "end": {
          "line": 14,
          "column": 1
        }
      },
      "1": {
        "start": {
          "line": 5,
          "column": 2
        },
        "end": {
          "line": 7,
          "column": 3
        }
      },
      "2": {
        "start": {
          "line": 6,
          "column": 4
        },
        "end": {
          "line": 6,
          "column": 165
        }
      },
      "3": {
        "start": {
          "line": 8,
          "column": 2
        },
        "end": {
          "line": 8,
          "column": 39
        }
      },
      "4": {
        "start": {
          "line": 9,
          "column": 2
        },
        "end": {
          "line": 9,
          "column": 39
        }
      },
      "5": {
        "start": {
          "line": 10,
          "column": 2
        },
        "end": {
          "line": 12,
          "column": 4
        }
      },
      "6": {
        "start": {
          "line": 11,
          "column": 4
        },
        "end": {
          "line": 11,
          "column": 98
        }
      },
      "7": {
        "start": {
          "line": 13,
          "column": 2
        },
        "end": {
          "line": 13,
          "column": 75
        }
      },
      "8": {
        "start": {
          "line": 15,
          "column": 9
        },
        "end": {
          "line": 15,
          "column": 23
        }
      },
      "9": {
        "start": {
          "line": 18,
          "column": 25
        },
        "end": {
          "line": 21,
          "column": 1
        }
      },
      "10": {
        "start": {
          "line": 19,
          "column": 2
        },
        "end": {
          "line": 19,
          "column": 7
        }
      },
      "11": {
        "start": {
          "line": 20,
          "column": 2
        },
        "end": {
          "line": 20,
          "column": 27
        }
      },
      "12": {
        "start": {
          "line": 22,
          "column": 0
        },
        "end": {
          "line": 24,
          "column": 3
        }
      },
      "13": {
        "start": {
          "line": 23,
          "column": 2
        },
        "end": {
          "line": 23,
          "column": 21
        }
      },
      "14": {
        "start": {
          "line": 25,
          "column": 0
        },
        "end": {
          "line": 25,
          "column": 15
        }
      },
      "15": {
        "start": {
          "line": 27,
          "column": 0
        },
        "end": {
          "line": 27,
          "column": 30
        }
      },
      "16": {
        "start": {
          "line": 28,
          "column": 0
        },
        "end": {
          "line": 44,
          "column": 1
        }
      },
      "17": {
        "start": {
          "line": 29,
          "column": 2
        },
        "end": {
          "line": 29,
          "column": 39
        }
      },
      "18": {
        "start": {
          "line": 30,
          "column": 2
        },
        "end": {
          "line": 30,
          "column": 39
        }
      },
      "19": {
        "start": {
          "line": 31,
          "column": 2
        },
        "end": {
          "line": 43,
          "column": 5
        }
      },
      "20": {
        "start": {
          "line": 35,
          "column": 4
        },
        "end": {
          "line": 35,
          "column": 124
        }
      },
      "21": {
        "start": {
          "line": 36,
          "column": 4
        },
        "end": {
          "line": 42,
          "column": 7
        }
      },
      "22": {
        "start": {
          "line": 37,
          "column": 6
        },
        "end": {
          "line": 38,
          "column": 15
        }
      },
      "23": {
        "start": {
          "line": 38,
          "column": 8
        },
        "end": {
          "line": 38,
          "column": 15
        }
      },
      "24": {
        "start": {
          "line": 39,
          "column": 32
        },
        "end": {
          "line": 39,
          "column": 115
        }
      },
      "25": {
        "start": {
          "line": 40,
          "column": 6
        },
        "end": {
          "line": 41,
          "column": 54
        }
      },
      "26": {
        "start": {
          "line": 41,
          "column": 8
        },
        "end": {
          "line": 41,
          "column": 54
        }
      }
    },
    "fnMap": {
      "0": {
        "name": "(anonymous_0)",
        "decl": {
          "start": {
            "line": 10,
            "column": 24
          },
          "end": {
            "line": 10,
            "column": 25
          }
        },
        "loc": {
          "start": {
            "line": 10,
            "column": 38
          },
          "end": {
            "line": 12,
            "column": 3
          }
        },
        "line": 10
      },
      "1": {
        "name": "(anonymous_1)",
        "decl": {
          "start": {
            "line": 18,
            "column": 25
          },
          "end": {
            "line": 18,
            "column": 26
          }
        },
        "loc": {
          "start": {
            "line": 18,
            "column": 31
          },
          "end": {
            "line": 21,
            "column": 1
          }
        },
        "line": 18
      },
      "2": {
        "name": "(anonymous_2)",
        "decl": {
          "start": {
            "line": 22,
            "column": 53
          },
          "end": {
            "line": 22,
            "column": 54
          }
        },
        "loc": {
          "start": {
            "line": 22,
            "column": 64
          },
          "end": {
            "line": 24,
            "column": 1
          }
        },
        "line": 22
      },
      "3": {
        "name": "(anonymous_3)",
        "decl": {
          "start": {
            "line": 34,
            "column": 9
          },
          "end": {
            "line": 34,
            "column": 10
          }
        },
        "loc": {
          "start": {
            "line": 34,
            "column": 29
          },
          "end": {
            "line": 43,
            "column": 3
          }
        },
        "line": 34
      },
      "4": {
        "name": "(anonymous_4)",
        "decl": {
          "start": {
            "line": 36,
            "column": 27
          },
          "end": {
            "line": 36,
            "column": 28
          }
        },
        "loc": {
          "start": {
            "line": 36,
            "column": 44
          },
          "end": {
            "line": 42,
            "column": 5
          }
        },
        "line": 36
      }
    },
    "branchMap": {
      "0": {
        "loc": {
          "start": {
            "line": 4,
            "column": 0
          },
          "end": {
            "line": 14,
            "column": 1
          }
        },
        "type": "if",
        "locations": [
          {
            "start": {
              "line": 4,
              "column": 0
            },
            "end": {
              "line": 14,
              "column": 1
            }
          },
          {
            "start": {},
            "end": {}
          }
        ],
        "line": 4
      },
      "1": {
        "loc": {
          "start": {
            "line": 5,
            "column": 2
          },
          "end": {
            "line": 7,
            "column": 3
          }
        },
        "type": "if",
        "locations": [
          {
            "start": {
              "line": 5,
              "column": 2
            },
            "end": {
              "line": 7,
              "column": 3
            }
          },
          {
            "start": {},
            "end": {}
          }
        ],
        "line": 5
      },
      "2": {
        "loc": {
          "start": {
            "line": 28,
            "column": 0
          },
          "end": {
            "line": 44,
            "column": 1
          }
        },
        "type": "if",
        "locations": [
          {
            "start": {
              "line": 28,
              "column": 0
            },
            "end": {
              "line": 44,
              "column": 1
            }
          },
          {
            "start": {},
            "end": {}
          }
        ],
        "line": 28
      },
      "3": {
        "loc": {
          "start": {
            "line": 37,
            "column": 6
          },
          "end": {
            "line": 38,
            "column": 15
          }
        },
        "type": "if",
        "locations": [
          {
            "start": {
              "line": 37,
              "column": 6
            },
            "end": {
              "line": 38,
              "column": 15
            }
          },
          {
            "start": {},
            "end": {}
          }
        ],
        "line": 37
      },
      "4": {
        "loc": {
          "start": {
            "line": 40,
            "column": 6
          },
          "end": {
            "line": 41,
            "column": 54
          }
        },
        "type": "if",
        "locations": [
          {
            "start": {
              "line": 40,
              "column": 6
            },
            "end": {
              "line": 41,
              "column": 54
            }
          },
          {
            "start": {},
            "end": {}
          }
        ],
        "line": 40
      }
    },
    "s": {
      "0": 3,
      "1": 3,
      "2": 0,
      "3": 3,
      "4": 3,
      "5": 3,
      "6": 3,
      "7": 3,
      "8": 3,
      "9": 3,
      "10": 6,
      "11": 6,
      "12": 3,
      "13": 3,
      "14": 3,
      "15": 3,
      "16": 3,
      "17": 3,
      "18": 3,
      "19": 3,
      "20": 3,
      "21": 3,
      "22": 0,
      "23": 0,
      "24": 0,
      "25": 0,
      "26": 0
    },
    "f": {
      "0": 3,
      "1": 6,
      "2": 3,
      "3": 3,
      "4": 0
    },
    "b": {
      "0": [
        3,
        0
      ],
      "1": [
        0,
        3
      ],
      "2": [
        3,
        0
      ],
      "3": [
        0,
        0
      ],
      "4": [
        0,
        0
      ]
    },
    "inputSourceMap": {
      "version": 3,
      "mappings": ";;;;;;;;;;;;;;;AAAA,SAASA,iBAAiB;AAC1B,OAAOC,YAAY;AAEZ,aAAMC,YAAYA,MAAM;AAAAC;AAC7B,SAAOH,UAAUC,MAAM;AACzB;AAAEE,GAFWD,WAAS;AAAA,UACbF,SAAS;AAAA;AAAAI,KADLF;AAAS;AAAAG",
      "names": [
        "useRoutes",
        "routes",
        "AppRoutes",
        "_s",
        "_c",
        "$RefreshReg$"
      ],
      "sources": [
        "D:/development/rs_school/React2023Q1/src/AppRoutes.tsx"
      ],
      "file": "D:/development/rs_school/React2023Q1/src/AppRoutes.tsx"
    },
    "_coverageSchema": "1a1c01bbd47fc00a2c39e90264f33305004495a9",
    "hash": "5248b3e18210bec1036aba64dc8581993dffcaa3"
  },
  "D:/development/rs_school/React2023Q1/src/store/store.ts": {
    "path": "D:/development/rs_school/React2023Q1/src/store/store.ts",
    "statementMap": {
      "0": {
        "start": {
          "line": 8,
          "column": 20
        },
        "end": {
          "line": 12,
          "column": 2
        }
      },
      "1": {
        "start": {
          "line": 14,
          "column": 2
        },
        "end": {
          "line": 18,
          "column": 5
        }
      },
      "2": {
        "start": {
          "line": 16,
          "column": 42
        },
        "end": {
          "line": 16,
          "column": 99
        }
      }
    },
    "fnMap": {
      "0": {
        "name": "setupStore",
        "decl": {
          "start": {
            "line": 13,
            "column": 16
          },
          "end": {
            "line": 13,
            "column": 26
          }
        },
        "loc": {
          "start": {
            "line": 13,
            "column": 43
          },
          "end": {
            "line": 19,
            "column": 1
          }
        },
        "line": 13
      },
      "1": {
        "name": "(anonymous_1)",
        "decl": {
          "start": {
            "line": 16,
            "column": 16
          },
          "end": {
            "line": 16,
            "column": 17
          }
        },
        "loc": {
          "start": {
            "line": 16,
            "column": 42
          },
          "end": {
            "line": 16,
            "column": 99
          }
        },
        "line": 16
      }
    },
    "branchMap": {},
    "s": {
      "0": 3,
      "1": 3,
      "2": 3
    },
    "f": {
      "0": 3,
      "1": 3
    },
    "b": {},
    "inputSourceMap": {
      "version": 3,
      "sources": [
        "D:/development/rs_school/React2023Q1/src/store/store.ts"
      ],
      "mappings": "AAAA;AAAA,EACE;AAAA,EACA;AAAA,OAEK;AACP,OAAO,mBAAmB;AAC1B,OAAO,kBAAkB;AACzB,SAAS,uBAAuB;AAEhC,MAAM,cAAc,gBAAgB;AAAA,EAClC,QAAQ;AAAA,EACR,OAAO;AAAA,EACP,CAAC,gBAAgB,WAAW,GAAG,gBAAgB;AACjD,CAAC;AAEM,gBAAS,WAAW,gBAA4C;AACrE,SAAO,eAAe;AAAA,IACpB,SAAS;AAAA,IACT,YAAY,CAAC,yBACX,qBAAqB,EAAE,OAAO,gBAAgB,UAAU;AAAA,IAC1D;AAAA,EACF,CAAC;AACH;",
      "names": []
    },
    "_coverageSchema": "1a1c01bbd47fc00a2c39e90264f33305004495a9",
    "hash": "d8b40dc9142d7b2cdbe19f721d10997bb29b7d2c"
  },
  "D:/development/rs_school/React2023Q1/src/entry-client.tsx": {
    "path": "D:/development/rs_school/React2023Q1/src/entry-client.tsx",
    "statementMap": {
      "0": {
        "start": {
          "line": 9,
          "column": 14
        },
        "end": {
          "line": 9,
          "column": 52
        }
      },
      "1": {
        "start": {
          "line": 10,
          "column": 0
        },
        "end": {
          "line": 10,
          "column": 34
        }
      },
      "2": {
        "start": {
          "line": 11,
          "column": 0
        },
        "end": {
          "line": 23,
          "column": 10
        }
      }
    },
    "fnMap": {},
    "branchMap": {},
    "s": {
      "0": 3,
      "1": 3,
      "2": 3
    },
    "f": {},
    "b": {},
    "inputSourceMap": {
      "version": 3,
      "mappings": "AAsBM;AArBN,OAAOA,cAAc;AACrB,SAASC,qBAAqB;AAC9B,SAASC,iBAAiB;AAC1B,OAAO;AACP,OAAO;AACP,SAASC,gBAAgB;AACzB,SAASC,kBAA6B;AAQtC,MAAMC,QAAQD,WAAWE,OAAOC,mBAAmB;AACnD,OAAOD,OAAOC;AAEdP,SAASQ,YACPC,SAASC,eAAe,MAAM,GAC9B,uBAAC,YAAS,OACR,iCAAC,iBACC,iCAAC,eAAD;AAAA;AAAA;AAAA;AAAA,OAAU,KADZ;AAAA;AAAA;AAAA;AAAA,OAEA,KAHF;AAAA;AAAA;AAAA;AAAA,OAIA,CACF",
      "names": [
        "ReactDOM",
        "BrowserRouter",
        "AppRoutes",
        "Provider",
        "setupStore",
        "store",
        "window",
        "__PRELOADED_STATE__",
        "hydrateRoot",
        "document",
        "getElementById"
      ],
      "sources": [
        "D:/development/rs_school/React2023Q1/src/entry-client.tsx"
      ],
      "file": "D:/development/rs_school/React2023Q1/src/entry-client.tsx"
    },
    "_coverageSchema": "1a1c01bbd47fc00a2c39e90264f33305004495a9",
    "hash": "4337faeb003971845e3abdade229cb24d540deb8"
  }
}