{"D:/development/rs_school/React2023Q1/src/App.tsx": {"path":"D:/development/rs_school/React2023Q1/src/App.tsx","statementMap":{"0":{"start":{"line":1,"column":25},"end":{"line":1,"column":null}},"1":{"start":{"line":5,"column":2},"end":{"line":8,"column":null}},"2":{"start":{"line":10,"column":1},"end":{"line":4,"column":15}},"3":{"start":{"line":12,"column":19},"end":{"line":12,"column":null}}},"fnMap":{"0":{"name":"(anonymous_0)","decl":{"start":{"line":1,"column":25},"end":{"line":1,"column":null}},"loc":{"start":{"line":1,"column":25},"end":{"line":1,"column":null}}},"1":{"name":"App","decl":{"start":{"line":4,"column":9},"end":{"line":4,"column":15}},"loc":{"start":{"line":4,"column":15},"end":{"line":10,"column":1}}}},"branchMap":{"0":{"loc":{"start":{"line":1,"column":25},"end":{"line":1,"column":null}},"type":"if","locations":[{"start":{"line":1,"column":25},"end":{"line":1,"column":null}}]}},"s":{"0":21,"1":3,"2":3,"3":3},"f":{"0":3,"1":3},"b":{"0":[3]}}
,"D:/development/rs_school/React2023Q1/src/AppRoutes.tsx": {"path":"D:/development/rs_school/React2023Q1/src/AppRoutes.tsx","statementMap":{"0":{"start":{"line":4,"column":25},"end":{"line":6,"column":2}},"1":{"start":{"line":4,"column":31},"end":{"line":4,"column":null}},"2":{"start":{"line":5,"column":2},"end":{"line":5,"column":null}},"3":{"start":{"line":6,"column":2},"end":{"line":5,"column":19}},"4":{"start":{"line":4,"column":22},"end":{"line":5,"column":19}},"5":{"start":{"line":5,"column":18},"end":{"line":4,"column":22}},"6":{"start":{"line":4,"column":22},"end":{"line":4,"column":25}}},"fnMap":{"0":{"name":"(anonymous_1)","decl":{"start":{"line":4,"column":25},"end":{"line":4,"column":31}},"loc":{"start":{"line":4,"column":31},"end":{"line":6,"column":2}}},"1":{"name":"(anonymous_2)","decl":{"start":{"line":4,"column":22},"end":{"line":4,"column":25}},"loc":{"start":{"line":4,"column":22},"end":{"line":5,"column":19}}}},"branchMap":{},"s":{"0":3,"1":6,"2":6,"3":3,"4":3,"5":3,"6":3},"f":{"0":6,"1":3},"b":{}}
,"D:/development/rs_school/React2023Q1/src/entry-client.tsx": {"path":"D:/development/rs_school/React2023Q1/src/entry-client.tsx","statementMap":{"0":{"start":{"line":16,"column":14},"end":{"line":16,"column":null}},"1":{"start":{"line":17,"column":0},"end":{"line":17,"column":null}},"2":{"start":{"line":19,"column":0},"end":{"line":26,"column":null}}},"fnMap":{},"branchMap":{},"s":{"0":3,"1":3,"2":3},"f":{},"b":{}}
,"D:/development/rs_school/React2023Q1/src/routes.tsx": {"path":"D:/development/rs_school/React2023Q1/src/routes.tsx","statementMap":{"0":{"start":{"line":8,"column":15},"end":{"line":29,"column":null}}},"fnMap":{},"branchMap":{},"s":{"0":3},"f":{},"b":{}}
,"D:/development/rs_school/React2023Q1/src/components/Header/Header.tsx": {"path":"D:/development/rs_school/React2023Q1/src/components/Header/Header.tsx","statementMap":{"0":{"start":{"line":1,"column":33},"end":{"line":1,"column":null}},"1":{"start":{"line":9,"column":32},"end":{"line":22,"column":2}},"2":{"start":{"line":10,"column":2},"end":{"line":20,"column":null}},"3":{"start":{"line":22,"column":2},"end":{"line":9,"column":32}},"4":{"start":{"line":24,"column":22},"end":{"line":24,"column":null}}},"fnMap":{"0":{"name":"(anonymous_0)","decl":{"start":{"line":1,"column":33},"end":{"line":1,"column":null}},"loc":{"start":{"line":1,"column":33},"end":{"line":1,"column":null}}},"1":{"name":"(anonymous_1)","decl":{"start":{"line":9,"column":32},"end":{"line":9,"column":33}},"loc":{"start":{"line":9,"column":47},"end":{"line":22,"column":2}}}},"branchMap":{"0":{"loc":{"start":{"line":1,"column":33},"end":{"line":1,"column":null}},"type":"if","locations":[{"start":{"line":1,"column":33},"end":{"line":1,"column":null}}]}},"s":{"0":21,"1":3,"2":8,"3":3,"4":3},"f":{"0":3,"1":8},"b":{"0":[3]}}
,"D:/development/rs_school/React2023Q1/src/components/Modal/Modal.tsx": {"path":"D:/development/rs_school/React2023Q1/src/components/Modal/Modal.tsx","statementMap":{"0":{"start":{"line":12,"column":30},"end":{"line":59,"column":2}},"1":{"start":{"line":12,"column":71},"end":{"line":12,"column":null}},"2":{"start":{"line":14,"column":4},"end":{"line":14,"column":null}},"3":{"start":{"line":16,"column":21},"end":{"line":21,"column":null}},"4":{"start":{"line":19,"column":4},"end":{"line":19,"column":null}},"5":{"start":{"line":20,"column":4},"end":{"line":20,"column":null}},"6":{"start":{"line":23,"column":2},"end":{"line":57,"column":null}},"7":{"start":{"line":31,"column":32},"end":{"line":31,"column":null}},"8":{"start":{"line":46,"column":32},"end":{"line":46,"column":null}},"9":{"start":{"line":59,"column":2},"end":{"line":14,"column":46}},"10":{"start":{"line":12,"column":27},"end":{"line":14,"column":46}},"11":{"start":{"line":14,"column":45},"end":{"line":12,"column":27}},"12":{"start":{"line":61,"column":21},"end":{"line":61,"column":null}}},"fnMap":{"0":{"name":"(anonymous_1)","decl":{"start":{"line":12,"column":30},"end":{"line":12,"column":31}},"loc":{"start":{"line":12,"column":71},"end":{"line":59,"column":2}}},"1":{"name":"(anonymous_2)","decl":{"start":{"line":16,"column":21},"end":{"line":16,"column":null}},"loc":{"start":{"line":18,"column":7},"end":{"line":21,"column":null}}},"2":{"name":"(anonymous_3)","decl":{"start":{"line":31,"column":26},"end":{"line":31,"column":32}},"loc":{"start":{"line":31,"column":32},"end":{"line":31,"column":null}}},"3":{"name":"(anonymous_4)","decl":{"start":{"line":46,"column":26},"end":{"line":46,"column":32}},"loc":{"start":{"line":46,"column":32},"end":{"line":46,"column":null}}},"4":{"name":"(anonymous_5)","decl":{"start":{"line":12,"column":27},"end":{"line":12,"column":30}},"loc":{"start":{"line":12,"column":27},"end":{"line":14,"column":46}}}},"branchMap":{"0":{"loc":{"start":{"line":25,"column":7},"end":{"line":54,"column":null}},"type":"binary-expr","locations":[{"start":{"line":25,"column":7},"end":{"line":25,"column":15}},{"start":{"line":25,"column":15},"end":{"line":25,"column":null}},{"start":{"line":26,"column":8},"end":{"line":54,"column":null}}]},"1":{"loc":{"start":{"line":27,"column":11},"end":{"line":52,"column":null}},"type":"cond-expr","locations":[{"start":{"line":28,"column":12},"end":{"line":41,"column":null}},{"start":{"line":43,"column":12},"end":{"line":52,"column":null}}]},"2":{"loc":{"start":{"line":33,"column":17},"end":{"line":33,"column":null}},"type":"binary-expr","locations":[{"start":{"line":33,"column":17},"end":{"line":33,"column":31}},{"start":{"line":33,"column":31},"end":{"line":33,"column":null}}]},"3":{"loc":{"start":{"line":39,"column":17},"end":{"line":39,"column":null}},"type":"binary-expr","locations":[{"start":{"line":39,"column":17},"end":{"line":39,"column":25}},{"start":{"line":39,"column":25},"end":{"line":39,"column":null}}]},"4":{"loc":{"start":{"line":48,"column":17},"end":{"line":49,"column":null}},"type":"binary-expr","locations":[{"start":{"line":48,"column":17},"end":{"line":48,"column":25}},{"start":{"line":48,"column":25},"end":{"line":48,"column":null}},{"start":{"line":49,"column":18},"end":{"line":49,"column":null}}]},"5":{"loc":{"start":{"line":56,"column":7},"end":{"line":56,"column":null}},"type":"binary-expr","locations":[{"start":{"line":56,"column":7},"end":{"line":56,"column":22}},{"start":{"line":56,"column":22},"end":{"line":56,"column":31}},{"start":{"line":56,"column":31},"end":{"line":56,"column":null}}]}},"s":{"0":3,"1":2,"2":2,"3":2,"4":1,"5":1,"6":2,"7":1,"8":0,"9":3,"10":1,"11":3,"12":3},"f":{"0":2,"1":1,"2":1,"3":0,"4":1},"b":{"0":[2,1,1],"1":[1,0],"2":[1,0],"3":[1,1],"4":[0,0,0],"5":[2,2,0]}}
,"D:/development/rs_school/React2023Q1/src/components/components/CardItem/CardItem.tsx": {"path":"D:/development/rs_school/React2023Q1/src/components/components/CardItem/CardItem.tsx","statementMap":{"0":{"start":{"line":1,"column":33},"end":{"line":1,"column":null}},"1":{"start":{"line":10,"column":36},"end":{"line":43,"column":2}},"2":{"start":{"line":11,"column":2},"end":{"line":41,"column":null}},"3":{"start":{"line":43,"column":2},"end":{"line":10,"column":36}},"4":{"start":{"line":45,"column":24},"end":{"line":45,"column":null}}},"fnMap":{"0":{"name":"(anonymous_0)","decl":{"start":{"line":1,"column":33},"end":{"line":1,"column":null}},"loc":{"start":{"line":1,"column":33},"end":{"line":1,"column":null}}},"1":{"name":"(anonymous_1)","decl":{"start":{"line":10,"column":36},"end":{"line":10,"column":37}},"loc":{"start":{"line":10,"column":65},"end":{"line":43,"column":2}}}},"branchMap":{"0":{"loc":{"start":{"line":1,"column":33},"end":{"line":1,"column":null}},"type":"if","locations":[{"start":{"line":1,"column":33},"end":{"line":1,"column":null}}]},"1":{"loc":{"start":{"line":24,"column":9},"end":{"line":38,"column":null}},"type":"binary-expr","locations":[{"start":{"line":24,"column":9},"end":{"line":24,"column":null}},{"start":{"line":25,"column":10},"end":{"line":38,"column":null}}]}},"s":{"0":21,"1":3,"2":121,"3":3,"4":3},"f":{"0":3,"1":121},"b":{"0":[3],"1":[121,1]}}
,"D:/development/rs_school/React2023Q1/src/components/components/CardList/CardList.tsx": {"path":"D:/development/rs_school/React2023Q1/src/components/components/CardList/CardList.tsx","statementMap":{"0":{"start":{"line":1,"column":33},"end":{"line":1,"column":null}},"1":{"start":{"line":12,"column":36},"end":{"line":35,"column":2}},"2":{"start":{"line":18,"column":4},"end":{"line":18,"column":null}},"3":{"start":{"line":19,"column":4},"end":{"line":19,"column":null}},"4":{"start":{"line":20,"column":4},"end":{"line":20,"column":null}},"5":{"start":{"line":22,"column":2},"end":{"line":33,"column":null}},"6":{"start":{"line":25,"column":8},"end":{"line":31,"column":null}},"7":{"start":{"line":28,"column":26},"end":{"line":28,"column":null}},"8":{"start":{"line":35,"column":2},"end":{"line":12,"column":36}},"9":{"start":{"line":37,"column":24},"end":{"line":37,"column":null}}},"fnMap":{"0":{"name":"(anonymous_0)","decl":{"start":{"line":1,"column":33},"end":{"line":1,"column":null}},"loc":{"start":{"line":1,"column":33},"end":{"line":1,"column":null}}},"1":{"name":"(anonymous_1)","decl":{"start":{"line":12,"column":36},"end":{"line":12,"column":37}},"loc":{"start":{"line":16,"column":6},"end":{"line":35,"column":2}}},"2":{"name":"handleClick","decl":{"start":{"line":17,"column":11},"end":{"line":17,"column":23}},"loc":{"start":{"line":17,"column":79},"end":{"line":21,"column":null}}},"3":{"name":"(anonymous_3)","decl":{"start":{"line":24,"column":23},"end":{"line":24,"column":null}},"loc":{"start":{"line":25,"column":8},"end":{"line":31,"column":null}}},"4":{"name":"(anonymous_4)","decl":{"start":{"line":28,"column":20},"end":{"line":28,"column":26}},"loc":{"start":{"line":28,"column":26},"end":{"line":28,"column":null}}}},"branchMap":{"0":{"loc":{"start":{"line":1,"column":33},"end":{"line":1,"column":null}},"type":"if","locations":[{"start":{"line":1,"column":33},"end":{"line":1,"column":null}}]}},"s":{"0":21,"1":3,"2":1,"3":1,"4":1,"5":6,"6":120,"7":1,"8":3,"9":3},"f":{"0":3,"1":6,"2":1,"3":120,"4":1},"b":{"0":[3]}}
,"D:/development/rs_school/React2023Q1/src/components/components/SearchForm/SearchForm.tsx": {"path":"D:/development/rs_school/React2023Q1/src/components/components/SearchForm/SearchForm.tsx","statementMap":{"0":{"start":{"line":12,"column":23},"end":{"line":51,"column":2}},"1":{"start":{"line":12,"column":29},"end":{"line":12,"column":null}},"2":{"start":{"line":13,"column":19},"end":{"line":13,"column":null}},"3":{"start":{"line":14,"column":17},"end":{"line":14,"column":null}},"4":{"start":{"line":15,"column":40},"end":{"line":15,"column":null}},"5":{"start":{"line":18,"column":4},"end":{"line":18,"column":null}},"6":{"start":{"line":20,"column":37},"end":{"line":23,"column":null}},"7":{"start":{"line":25,"column":23},"end":{"line":27,"column":null}},"8":{"start":{"line":26,"column":4},"end":{"line":26,"column":null}},"9":{"start":{"line":29,"column":47},"end":{"line":32,"column":null}},"10":{"start":{"line":30,"column":4},"end":{"line":30,"column":null}},"11":{"start":{"line":31,"column":4},"end":{"line":31,"column":null}},"12":{"start":{"line":34,"column":2},"end":{"line":49,"column":null}},"13":{"start":{"line":51,"column":2},"end":{"line":20,"column":58}},"14":{"start":{"line":12,"column":20},"end":{"line":20,"column":58}},"15":{"start":{"line":20,"column":44},"end":{"line":12,"column":20}},"16":{"start":{"line":53,"column":26},"end":{"line":53,"column":null}}},"fnMap":{"0":{"name":"(anonymous_1)","decl":{"start":{"line":12,"column":23},"end":{"line":12,"column":29}},"loc":{"start":{"line":12,"column":29},"end":{"line":51,"column":2}}},"1":{"name":"(anonymous_2)","decl":{"start":{"line":25,"column":23},"end":{"line":25,"column":24}},"loc":{"start":{"line":25,"column":71},"end":{"line":27,"column":null}}},"2":{"name":"(anonymous_3)","decl":{"start":{"line":29,"column":47},"end":{"line":29,"column":59}},"loc":{"start":{"line":29,"column":59},"end":{"line":32,"column":null}}},"3":{"name":"(anonymous_4)","decl":{"start":{"line":12,"column":20},"end":{"line":12,"column":23}},"loc":{"start":{"line":12,"column":20},"end":{"line":20,"column":58}}}},"branchMap":{"0":{"loc":{"start":{"line":15,"column":49},"end":{"line":15,"column":61}},"type":"binary-expr","locations":[{"start":{"line":15,"column":49},"end":{"line":15,"column":59}},{"start":{"line":15,"column":59},"end":{"line":15,"column":61}}]}},"s":{"0":3,"1":6,"2":6,"3":6,"4":6,"5":6,"6":6,"7":6,"8":0,"9":6,"10":0,"11":0,"12":6,"13":3,"14":3,"15":3,"16":3},"f":{"0":6,"1":0,"2":0,"3":3},"b":{"0":[6,6]}}
,"D:/development/rs_school/React2023Q1/src/components/forms/CardItem.tsx": {"path":"D:/development/rs_school/React2023Q1/src/components/forms/CardItem.tsx","statementMap":{"0":{"start":{"line":1,"column":33},"end":{"line":1,"column":null}},"1":{"start":{"line":9,"column":36},"end":{"line":26,"column":2}},"2":{"start":{"line":10,"column":2},"end":{"line":24,"column":null}},"3":{"start":{"line":26,"column":2},"end":{"line":9,"column":36}},"4":{"start":{"line":28,"column":19},"end":{"line":28,"column":null}},"5":{"start":{"line":35,"column":2},"end":{"line":28,"column":19}},"6":{"start":{"line":37,"column":21},"end":{"line":37,"column":null}},"7":{"start":{"line":41,"column":2},"end":{"line":37,"column":21}},"8":{"start":{"line":43,"column":20},"end":{"line":43,"column":null}},"9":{"start":{"line":47,"column":2},"end":{"line":43,"column":20}},"10":{"start":{"line":49,"column":22},"end":{"line":49,"column":null}},"11":{"start":{"line":52,"column":2},"end":{"line":49,"column":22}},"12":{"start":{"line":54,"column":17},"end":{"line":54,"column":null}},"13":{"start":{"line":58,"column":2},"end":{"line":54,"column":17}},"14":{"start":{"line":60,"column":24},"end":{"line":60,"column":null}}},"fnMap":{"0":{"name":"(anonymous_0)","decl":{"start":{"line":1,"column":33},"end":{"line":1,"column":null}},"loc":{"start":{"line":1,"column":33},"end":{"line":1,"column":null}}},"1":{"name":"(anonymous_1)","decl":{"start":{"line":9,"column":36},"end":{"line":9,"column":37}},"loc":{"start":{"line":9,"column":50},"end":{"line":26,"column":2}}}},"branchMap":{"0":{"loc":{"start":{"line":1,"column":33},"end":{"line":1,"column":null}},"type":"if","locations":[{"start":{"line":1,"column":33},"end":{"line":1,"column":null}}]}},"s":{"0":36,"1":3,"2":0,"3":3,"4":3,"5":3,"6":3,"7":3,"8":3,"9":3,"10":3,"11":3,"12":3,"13":3,"14":18},"f":{"0":18,"1":0},"b":{"0":[3]}}
,"D:/development/rs_school/React2023Q1/src/components/forms/CardList.tsx": {"path":"D:/development/rs_school/React2023Q1/src/components/forms/CardList.tsx","statementMap":{"0":{"start":{"line":8,"column":17},"end":{"line":8,"column":null}},"1":{"start":{"line":15,"column":2},"end":{"line":8,"column":17}},"2":{"start":{"line":17,"column":21},"end":{"line":26,"column":null}},"3":{"start":{"line":17,"column":27},"end":{"line":17,"column":null}},"4":{"start":{"line":18,"column":16},"end":{"line":18,"column":null}},"5":{"start":{"line":19,"column":2},"end":{"line":24,"column":null}},"6":{"start":{"line":22,"column":8},"end":{"line":22,"column":null}},"7":{"start":{"line":27,"column":0},"end":{"line":18,"column":31}},"8":{"start":{"line":17,"column":18},"end":{"line":18,"column":31}},"9":{"start":{"line":18,"column":30},"end":{"line":17,"column":18}},"10":{"start":{"line":29,"column":24},"end":{"line":29,"column":null}}},"fnMap":{"0":{"name":"(anonymous_1)","decl":{"start":{"line":17,"column":21},"end":{"line":17,"column":27}},"loc":{"start":{"line":17,"column":27},"end":{"line":26,"column":null}}},"1":{"name":"(anonymous_2)","decl":{"start":{"line":21,"column":17},"end":{"line":21,"column":18}},"loc":{"start":{"line":22,"column":8},"end":{"line":22,"column":null}}},"2":{"name":"(anonymous_3)","decl":{"start":{"line":17,"column":18},"end":{"line":17,"column":21}},"loc":{"start":{"line":17,"column":18},"end":{"line":18,"column":31}}}},"branchMap":{},"s":{"0":3,"1":3,"2":3,"3":1,"4":1,"5":1,"6":0,"7":3,"8":1,"9":3,"10":6},"f":{"0":1,"1":0,"2":1},"b":{}}
,"D:/development/rs_school/React2023Q1/src/components/forms/Form.tsx": {"path":"D:/development/rs_school/React2023Q1/src/components/forms/Form.tsx","statementMap":{"0":{"start":{"line":8,"column":0},"end":{"line":8,"column":null}},"1":{"start":{"line":9,"column":2},"end":{"line":9,"column":null}},"2":{"start":{"line":10,"column":2},"end":{"line":10,"column":null}},"3":{"start":{"line":8,"column":5},"end":{"line":8,"column":null}},"4":{"start":{"line":22,"column":17},"end":{"line":168,"column":2}},"5":{"start":{"line":22,"column":23},"end":{"line":22,"column":null}},"6":{"start":{"line":23,"column":19},"end":{"line":23,"column":null}},"7":{"start":{"line":24,"column":38},"end":{"line":24,"column":null}},"8":{"start":{"line":31,"column":6},"end":{"line":31,"column":null}},"9":{"start":{"line":32,"column":48},"end":{"line":48,"column":null}},"10":{"start":{"line":33,"column":4},"end":{"line":33,"column":null}},"11":{"start":{"line":34,"column":4},"end":{"line":34,"column":null}},"12":{"start":{"line":34,"column":21},"end":{"line":34,"column":46}},"13":{"start":{"line":35,"column":4},"end":{"line":47,"column":null}},"14":{"start":{"line":50,"column":2},"end":{"line":54,"column":null}},"15":{"start":{"line":51,"column":4},"end":{"line":53,"column":null}},"16":{"start":{"line":52,"column":6},"end":{"line":52,"column":null}},"17":{"start":{"line":56,"column":2},"end":{"line":166,"column":null}},"18":{"start":{"line":82,"column":14},"end":{"line":83,"column":null}},"19":{"start":{"line":101,"column":12},"end":{"line":103,"column":null}},"20":{"start":{"line":114,"column":12},"end":{"line":122,"column":null}},"21":{"start":{"line":136,"column":17},"end":{"line":140,"column":null}},"22":{"start":{"line":168,"column":2},"end":{"line":31,"column":27}},"23":{"start":{"line":22,"column":14},"end":{"line":31,"column":27}},"24":{"start":{"line":31,"column":13},"end":{"line":22,"column":14}},"25":{"start":{"line":170,"column":25},"end":{"line":170,"column":null}},"26":{"start":{"line":173,"column":2},"end":{"line":170,"column":25}},"27":{"start":{"line":175,"column":19},"end":{"line":175,"column":null}},"28":{"start":{"line":183,"column":2},"end":{"line":175,"column":19}},"29":{"start":{"line":185,"column":20},"end":{"line":185,"column":null}},"30":{"start":{"line":190,"column":2},"end":{"line":185,"column":20}},"31":{"start":{"line":192,"column":20},"end":{"line":192,"column":null}},"32":{"start":{"line":204,"column":2},"end":{"line":192,"column":20}},"33":{"start":{"line":206,"column":21},"end":{"line":206,"column":null}},"34":{"start":{"line":213,"column":2},"end":{"line":206,"column":21}},"35":{"start":{"line":215,"column":21},"end":{"line":215,"column":null}},"36":{"start":{"line":231,"column":2},"end":{"line":215,"column":21}},"37":{"start":{"line":233,"column":16},"end":{"line":233,"column":null}},"38":{"start":{"line":236,"column":2},"end":{"line":233,"column":16}},"39":{"start":{"line":238,"column":20},"end":{"line":238,"column":null}}},"fnMap":{"0":{"name":"(anonymous_1)","decl":{"start":{"line":8,"column":0},"end":{"line":8,"column":5}},"loc":{"start":{"line":8,"column":0},"end":{"line":8,"column":null}}},"1":{"name":"(anonymous_2)","decl":{"start":{"line":22,"column":17},"end":{"line":22,"column":23}},"loc":{"start":{"line":22,"column":23},"end":{"line":168,"column":2}}},"2":{"name":"(anonymous_3)","decl":{"start":{"line":32,"column":48},"end":{"line":32,"column":57}},"loc":{"start":{"line":32,"column":57},"end":{"line":48,"column":null}}},"3":{"name":"(anonymous_4)","decl":{"start":{"line":34,"column":15},"end":{"line":34,"column":21}},"loc":{"start":{"line":34,"column":21},"end":{"line":34,"column":46}}},"4":{"name":"(anonymous_5)","decl":{"start":{"line":50,"column":12},"end":{"line":50,"column":18}},"loc":{"start":{"line":50,"column":18},"end":{"line":54,"column":5}}},"5":{"name":"(anonymous_6)","decl":{"start":{"line":81,"column":23},"end":{"line":81,"column":null}},"loc":{"start":{"line":82,"column":14},"end":{"line":83,"column":null}}},"6":{"name":"(anonymous_7)","decl":{"start":{"line":100,"column":25},"end":{"line":100,"column":26}},"loc":{"start":{"line":101,"column":12},"end":{"line":103,"column":null}}},"7":{"name":"(anonymous_8)","decl":{"start":{"line":113,"column":35},"end":{"line":113,"column":null}},"loc":{"start":{"line":114,"column":12},"end":{"line":122,"column":null}}},"8":{"name":"(anonymous_9)","decl":{"start":{"line":135,"column":30},"end":{"line":135,"column":31}},"loc":{"start":{"line":136,"column":17},"end":{"line":140,"column":null}}},"9":{"name":"(anonymous_10)","decl":{"start":{"line":22,"column":14},"end":{"line":22,"column":17}},"loc":{"start":{"line":22,"column":14},"end":{"line":31,"column":27}}}},"branchMap":{"0":{"loc":{"start":{"line":8,"column":5},"end":{"line":8,"column":null}},"type":"binary-expr","locations":[{"start":{"line":8,"column":5},"end":{"line":8,"column":null}},{"start":{"line":8,"column":5},"end":{"line":8,"column":null}}]},"1":{"loc":{"start":{"line":51,"column":4},"end":{"line":53,"column":null}},"type":"if","locations":[{"start":{"line":51,"column":4},"end":{"line":53,"column":null}}]},"2":{"loc":{"start":{"line":69,"column":24},"end":{"line":69,"column":null}},"type":"cond-expr","locations":[{"start":{"line":69,"column":39},"end":{"line":69,"column":48}},{"start":{"line":69,"column":48},"end":{"line":69,"column":null}}]},"3":{"loc":{"start":{"line":72,"column":9},"end":{"line":73,"column":null}},"type":"binary-expr","locations":[{"start":{"line":72,"column":9},"end":{"line":72,"column":null}},{"start":{"line":73,"column":10},"end":{"line":73,"column":null}}]},"4":{"loc":{"start":{"line":82,"column":14},"end":{"line":83,"column":null}},"type":"binary-expr","locations":[{"start":{"line":82,"column":14},"end":{"line":82,"column":null}},{"start":{"line":83,"column":14},"end":{"line":83,"column":null}}]},"5":{"loc":{"start":{"line":86,"column":24},"end":{"line":86,"column":59}},"type":"cond-expr","locations":[{"start":{"line":86,"column":42},"end":{"line":86,"column":51}},{"start":{"line":86,"column":51},"end":{"line":86,"column":59}}]},"6":{"loc":{"start":{"line":88,"column":9},"end":{"line":89,"column":null}},"type":"binary-expr","locations":[{"start":{"line":88,"column":9},"end":{"line":88,"column":null}},{"start":{"line":89,"column":10},"end":{"line":89,"column":null}}]},"7":{"loc":{"start":{"line":97,"column":24},"end":{"line":97,"column":null}},"type":"cond-expr","locations":[{"start":{"line":97,"column":41},"end":{"line":97,"column":50}},{"start":{"line":97,"column":50},"end":{"line":97,"column":null}}]},"8":{"loc":{"start":{"line":106,"column":9},"end":{"line":107,"column":null}},"type":"binary-expr","locations":[{"start":{"line":106,"column":9},"end":{"line":106,"column":null}},{"start":{"line":107,"column":10},"end":{"line":107,"column":null}}]},"9":{"loc":{"start":{"line":125,"column":9},"end":{"line":126,"column":null}},"type":"binary-expr","locations":[{"start":{"line":125,"column":9},"end":{"line":125,"column":null}},{"start":{"line":126,"column":10},"end":{"line":126,"column":null}}]},"10":{"loc":{"start":{"line":136,"column":17},"end":{"line":140,"column":null}},"type":"binary-expr","locations":[{"start":{"line":136,"column":17},"end":{"line":136,"column":null}},{"start":{"line":137,"column":18},"end":{"line":139,"column":null}},{"start":{"line":140,"column":16},"end":{"line":140,"column":null}}]},"11":{"loc":{"start":{"line":143,"column":24},"end":{"line":143,"column":null}},"type":"cond-expr","locations":[{"start":{"line":143,"column":41},"end":{"line":143,"column":50}},{"start":{"line":143,"column":50},"end":{"line":143,"column":null}}]},"12":{"loc":{"start":{"line":146,"column":9},"end":{"line":147,"column":null}},"type":"binary-expr","locations":[{"start":{"line":146,"column":9},"end":{"line":146,"column":null}},{"start":{"line":147,"column":10},"end":{"line":147,"column":null}}]},"13":{"loc":{"start":{"line":157,"column":26},"end":{"line":157,"column":60}},"type":"cond-expr","locations":[{"start":{"line":157,"column":43},"end":{"line":157,"column":52}},{"start":{"line":157,"column":52},"end":{"line":157,"column":60}}]},"14":{"loc":{"start":{"line":161,"column":9},"end":{"line":162,"column":null}},"type":"binary-expr","locations":[{"start":{"line":161,"column":9},"end":{"line":161,"column":null}},{"start":{"line":162,"column":10},"end":{"line":162,"column":null}}]}},"s":{"0":3,"1":3,"2":3,"3":3,"4":3,"5":1,"6":1,"7":1,"8":1,"9":1,"10":0,"11":0,"12":0,"13":0,"14":1,"15":1,"16":0,"17":1,"18":0,"19":4,"20":2,"21":0,"22":3,"23":1,"24":3,"25":3,"26":3,"27":3,"28":3,"29":3,"30":3,"31":3,"32":3,"33":3,"34":3,"35":3,"36":3,"37":3,"38":3,"39":24},"f":{"0":3,"1":1,"2":0,"3":0,"4":1,"5":0,"6":4,"7":2,"8":0,"9":1},"b":{"0":[3,3],"1":[0],"2":[0,1],"3":[1,0],"4":[0,0],"5":[0,1],"6":[1,0],"7":[0,1],"8":[1,0],"9":[1,0],"10":[0,0,0],"11":[0,1],"12":[1,0],"13":[0,1],"14":[1,0]}}
,"D:/development/rs_school/React2023Q1/src/components/forms/FormsSection.tsx": {"path":"D:/development/rs_school/React2023Q1/src/components/forms/FormsSection.tsx","statementMap":{"0":{"start":{"line":1,"column":33},"end":{"line":1,"column":null}},"1":{"start":{"line":6,"column":25},"end":{"line":13,"column":2}},"2":{"start":{"line":7,"column":2},"end":{"line":11,"column":null}},"3":{"start":{"line":13,"column":2},"end":{"line":6,"column":25}},"4":{"start":{"line":15,"column":25},"end":{"line":15,"column":null}},"5":{"start":{"line":27,"column":2},"end":{"line":15,"column":25}},"6":{"start":{"line":29,"column":28},"end":{"line":29,"column":null}}},"fnMap":{"0":{"name":"(anonymous_0)","decl":{"start":{"line":1,"column":33},"end":{"line":1,"column":null}},"loc":{"start":{"line":1,"column":33},"end":{"line":1,"column":null}}},"1":{"name":"(anonymous_1)","decl":{"start":{"line":6,"column":25},"end":{"line":6,"column":31}},"loc":{"start":{"line":6,"column":31},"end":{"line":13,"column":2}}}},"branchMap":{"0":{"loc":{"start":{"line":1,"column":33},"end":{"line":1,"column":null}},"type":"if","locations":[{"start":{"line":1,"column":33},"end":{"line":1,"column":null}}]}},"s":{"0":24,"1":3,"2":1,"3":3,"4":3,"5":3,"6":6},"f":{"0":6,"1":1},"b":{"0":[3]}}
,"D:/development/rs_school/React2023Q1/src/data/countries.ts": {"path":"D:/development/rs_school/React2023Q1/src/data/countries.ts","statementMap":{"0":{"start":{"line":3,"column":30},"end":{"line":8,"column":null}}},"fnMap":{},"branchMap":{},"s":{"0":3},"f":{},"b":{}}
,"D:/development/rs_school/React2023Q1/src/hooks/redux.ts": {"path":"D:/development/rs_school/React2023Q1/src/hooks/redux.ts","statementMap":{"0":{"start":{"line":5,"column":49},"end":{"line":5,"column":null}},"1":{"start":{"line":6,"column":63},"end":{"line":6,"column":null}}},"fnMap":{},"branchMap":{},"s":{"0":3,"1":3},"f":{},"b":{}}
,"D:/development/rs_school/React2023Q1/src/pages/AboutPage.tsx": {"path":"D:/development/rs_school/React2023Q1/src/pages/AboutPage.tsx","statementMap":{"0":{"start":{"line":1,"column":25},"end":{"line":1,"column":null}},"1":{"start":{"line":5,"column":24},"end":{"line":5,"column":null}},"2":{"start":{"line":17,"column":2},"end":{"line":5,"column":24}},"3":{"start":{"line":19,"column":18},"end":{"line":26,"column":2}},"4":{"start":{"line":20,"column":2},"end":{"line":24,"column":null}},"5":{"start":{"line":26,"column":2},"end":{"line":19,"column":18}},"6":{"start":{"line":28,"column":25},"end":{"line":28,"column":null}}},"fnMap":{"0":{"name":"(anonymous_0)","decl":{"start":{"line":1,"column":25},"end":{"line":1,"column":null}},"loc":{"start":{"line":1,"column":25},"end":{"line":1,"column":null}}},"1":{"name":"(anonymous_1)","decl":{"start":{"line":19,"column":18},"end":{"line":19,"column":24}},"loc":{"start":{"line":19,"column":24},"end":{"line":26,"column":2}}}},"branchMap":{"0":{"loc":{"start":{"line":1,"column":25},"end":{"line":1,"column":null}},"type":"if","locations":[{"start":{"line":1,"column":25},"end":{"line":1,"column":null}}]}},"s":{"0":24,"1":3,"2":3,"3":3,"4":1,"5":3,"6":6},"f":{"0":6,"1":1},"b":{"0":[3]}}
,"D:/development/rs_school/React2023Q1/src/pages/FormsPage.tsx": {"path":"D:/development/rs_school/React2023Q1/src/pages/FormsPage.tsx","statementMap":{"0":{"start":{"line":1,"column":25},"end":{"line":1,"column":null}},"1":{"start":{"line":6,"column":24},"end":{"line":6,"column":null}},"2":{"start":{"line":18,"column":2},"end":{"line":6,"column":24}},"3":{"start":{"line":20,"column":18},"end":{"line":29,"column":2}},"4":{"start":{"line":21,"column":2},"end":{"line":27,"column":null}},"5":{"start":{"line":29,"column":2},"end":{"line":20,"column":18}},"6":{"start":{"line":31,"column":25},"end":{"line":31,"column":null}}},"fnMap":{"0":{"name":"(anonymous_0)","decl":{"start":{"line":1,"column":25},"end":{"line":1,"column":null}},"loc":{"start":{"line":1,"column":25},"end":{"line":1,"column":null}}},"1":{"name":"(anonymous_1)","decl":{"start":{"line":20,"column":18},"end":{"line":20,"column":24}},"loc":{"start":{"line":20,"column":24},"end":{"line":29,"column":2}}}},"branchMap":{"0":{"loc":{"start":{"line":1,"column":25},"end":{"line":1,"column":null}},"type":"if","locations":[{"start":{"line":1,"column":25},"end":{"line":1,"column":null}}]}},"s":{"0":24,"1":3,"2":3,"3":3,"4":1,"5":3,"6":6},"f":{"0":6,"1":1},"b":{"0":[3]}}
,"D:/development/rs_school/React2023Q1/src/pages/NotFoundPage.tsx": {"path":"D:/development/rs_school/React2023Q1/src/pages/NotFoundPage.tsx","statementMap":{"0":{"start":{"line":1,"column":25},"end":{"line":1,"column":null}},"1":{"start":{"line":5,"column":27},"end":{"line":5,"column":null}},"2":{"start":{"line":17,"column":2},"end":{"line":5,"column":27}},"3":{"start":{"line":19,"column":22},"end":{"line":19,"column":null}},"4":{"start":{"line":22,"column":2},"end":{"line":19,"column":22}},"5":{"start":{"line":24,"column":21},"end":{"line":35,"column":2}},"6":{"start":{"line":25,"column":2},"end":{"line":33,"column":null}},"7":{"start":{"line":35,"column":2},"end":{"line":24,"column":21}},"8":{"start":{"line":37,"column":28},"end":{"line":37,"column":null}}},"fnMap":{"0":{"name":"(anonymous_0)","decl":{"start":{"line":1,"column":25},"end":{"line":1,"column":null}},"loc":{"start":{"line":1,"column":25},"end":{"line":1,"column":null}}},"1":{"name":"(anonymous_1)","decl":{"start":{"line":24,"column":21},"end":{"line":24,"column":27}},"loc":{"start":{"line":24,"column":27},"end":{"line":35,"column":2}}}},"branchMap":{"0":{"loc":{"start":{"line":1,"column":25},"end":{"line":1,"column":null}},"type":"if","locations":[{"start":{"line":1,"column":25},"end":{"line":1,"column":null}}]}},"s":{"0":27,"1":3,"2":3,"3":3,"4":3,"5":3,"6":0,"7":3,"8":9},"f":{"0":9,"1":0},"b":{"0":[3]}}
,"D:/development/rs_school/React2023Q1/src/pages/HomePage/HomePage.tsx": {"path":"D:/development/rs_school/React2023Q1/src/pages/HomePage/HomePage.tsx","statementMap":{"0":{"start":{"line":11,"column":21},"end":{"line":46,"column":2}},"1":{"start":{"line":11,"column":27},"end":{"line":11,"column":null}},"2":{"start":{"line":12,"column":40},"end":{"line":12,"column":null}},"3":{"start":{"line":13,"column":36},"end":{"line":13,"column":null}},"4":{"start":{"line":15,"column":17},"end":{"line":15,"column":null}},"5":{"start":{"line":17,"column":4},"end":{"line":17,"column":null}},"6":{"start":{"line":18,"column":2},"end":{"line":44,"column":null}},"7":{"start":{"line":46,"column":2},"end":{"line":17,"column":48}},"8":{"start":{"line":11,"column":18},"end":{"line":17,"column":48}},"9":{"start":{"line":17,"column":47},"end":{"line":11,"column":18}},"10":{"start":{"line":48,"column":24},"end":{"line":48,"column":null}}},"fnMap":{"0":{"name":"(anonymous_1)","decl":{"start":{"line":11,"column":21},"end":{"line":11,"column":27}},"loc":{"start":{"line":11,"column":27},"end":{"line":46,"column":2}}},"1":{"name":"(anonymous_2)","decl":{"start":{"line":11,"column":18},"end":{"line":11,"column":21}},"loc":{"start":{"line":11,"column":18},"end":{"line":17,"column":48}}}},"branchMap":{"0":{"loc":{"start":{"line":23,"column":9},"end":{"line":24,"column":null}},"type":"binary-expr","locations":[{"start":{"line":23,"column":9},"end":{"line":23,"column":null}},{"start":{"line":24,"column":10},"end":{"line":24,"column":null}}]},"1":{"loc":{"start":{"line":26,"column":9},"end":{"line":27,"column":null}},"type":"binary-expr","locations":[{"start":{"line":26,"column":9},"end":{"line":26,"column":null}},{"start":{"line":27,"column":10},"end":{"line":27,"column":null}}]},"2":{"loc":{"start":{"line":29,"column":9},"end":{"line":33,"column":null}},"type":"binary-expr","locations":[{"start":{"line":29,"column":9},"end":{"line":29,"column":17}},{"start":{"line":29,"column":17},"end":{"line":29,"column":null}},{"start":{"line":30,"column":10},"end":{"line":33,"column":null}}]},"3":{"loc":{"start":{"line":37,"column":7},"end":{"line":42,"column":null}},"type":"binary-expr","locations":[{"start":{"line":37,"column":7},"end":{"line":37,"column":null}},{"start":{"line":38,"column":8},"end":{"line":42,"column":null}}]}},"s":{"0":3,"1":6,"2":6,"3":6,"4":6,"5":6,"6":6,"7":3,"8":3,"9":3,"10":3},"f":{"0":6,"1":3},"b":{"0":[6,0],"1":[6,0],"2":[6,6,6],"3":[6,1]}}
,"D:/development/rs_school/React2023Q1/src/services/rickandmorty/rickandmorty.service.ts": {"path":"D:/development/rs_school/React2023Q1/src/services/rickandmorty/rickandmorty.service.ts","statementMap":{"0":{"start":{"line":13,"column":18},"end":{"line":16,"column":null}},"1":{"start":{"line":18,"column":24},"end":{"line":18,"column":null}},"2":{"start":{"line":20,"column":31},"end":{"line":31,"column":null}},"3":{"start":{"line":23,"column":27},"end":{"line":30,"column":null}},"4":{"start":{"line":25,"column":23},"end":{"line":25,"column":null}},"5":{"start":{"line":28,"column":21},"end":{"line":28,"column":null}}},"fnMap":{"0":{"name":"(anonymous_0)","decl":{"start":{"line":23,"column":13},"end":{"line":23,"column":14}},"loc":{"start":{"line":23,"column":27},"end":{"line":30,"column":null}}},"1":{"name":"(anonymous_1)","decl":{"start":{"line":25,"column":13},"end":{"line":25,"column":14}},"loc":{"start":{"line":25,"column":23},"end":{"line":25,"column":null}}},"2":{"name":"(anonymous_2)","decl":{"start":{"line":28,"column":13},"end":{"line":28,"column":14}},"loc":{"start":{"line":28,"column":21},"end":{"line":28,"column":null}}}},"branchMap":{},"s":{"0":3,"1":3,"2":3,"3":3,"4":0,"5":1},"f":{"0":3,"1":0,"2":1},"b":{}}
,"D:/development/rs_school/React2023Q1/src/store/store.ts": {"path":"D:/development/rs_school/React2023Q1/src/store/store.ts","statementMap":{"0":{"start":{"line":10,"column":20},"end":{"line":14,"column":null}},"1":{"start":{"line":17,"column":2},"end":{"line":22,"column":null}},"2":{"start":{"line":20,"column":6},"end":{"line":20,"column":null}}},"fnMap":{"0":{"name":"setupStore","decl":{"start":{"line":16,"column":16},"end":{"line":16,"column":27}},"loc":{"start":{"line":16,"column":71},"end":{"line":23,"column":null}}},"1":{"name":"(anonymous_1)","decl":{"start":{"line":19,"column":16},"end":{"line":19,"column":17}},"loc":{"start":{"line":20,"column":6},"end":{"line":20,"column":null}}}},"branchMap":{},"s":{"0":3,"1":3,"2":3},"f":{"0":3,"1":3},"b":{}}
,"D:/development/rs_school/React2023Q1/src/store/reducers/CardsSlice.ts": {"path":"D:/development/rs_school/React2023Q1/src/store/reducers/CardsSlice.ts","statementMap":{"0":{"start":{"line":9,"column":33},"end":{"line":11,"column":null}},"1":{"start":{"line":13,"column":19},"end":{"line":21,"column":null}},"2":{"start":{"line":18,"column":6},"end":{"line":18,"column":null}},"3":{"start":{"line":24,"column":24},"end":{"line":24,"column":null}},"4":{"start":{"line":24,"column":46},"end":{"line":24,"column":null}},"5":{"start":{"line":25,"column":31},"end":{"line":25,"column":null}}},"fnMap":{"0":{"name":"(anonymous_0)","decl":{"start":{"line":17,"column":4},"end":{"line":17,"column":16}},"loc":{"start":{"line":17,"column":57},"end":{"line":19,"column":null}}},"1":{"name":"(anonymous_1)","decl":{"start":{"line":24,"column":24},"end":{"line":24,"column":25}},"loc":{"start":{"line":24,"column":46},"end":{"line":24,"column":null}}}},"branchMap":{},"s":{"0":3,"1":3,"2":0,"3":3,"4":1,"5":3},"f":{"0":0,"1":1},"b":{}}
,"D:/development/rs_school/React2023Q1/src/store/reducers/SearchSlice.ts": {"path":"D:/development/rs_school/React2023Q1/src/store/reducers/SearchSlice.ts","statementMap":{"0":{"start":{"line":4,"column":21},"end":{"line":6,"column":null}},"1":{"start":{"line":8,"column":20},"end":{"line":16,"column":null}},"2":{"start":{"line":13,"column":6},"end":{"line":13,"column":null}},"3":{"start":{"line":19,"column":25},"end":{"line":19,"column":null}},"4":{"start":{"line":19,"column":47},"end":{"line":19,"column":null}},"5":{"start":{"line":20,"column":32},"end":{"line":20,"column":null}}},"fnMap":{"0":{"name":"(anonymous_0)","decl":{"start":{"line":12,"column":4},"end":{"line":12,"column":17}},"loc":{"start":{"line":12,"column":55},"end":{"line":14,"column":null}}},"1":{"name":"(anonymous_1)","decl":{"start":{"line":19,"column":25},"end":{"line":19,"column":26}},"loc":{"start":{"line":19,"column":47},"end":{"line":19,"column":null}}}},"branchMap":{},"s":{"0":3,"1":3,"2":0,"3":3,"4":32,"5":3},"f":{"0":0,"1":32},"b":{}}
}
