TN:
SF:src\App.tsx
FN:1,(anonymous_0)
FN:4,App
FNF:2
FNH:2
FNDA:3,(anonymous_0)
FNDA:3,App
DA:1,21
DA:5,3
DA:10,3
DA:12,3
LF:4
LH:4
BRDA:1,0,0,3
BRF:1
BRH:1
end_of_record
TN:
SF:src\AppRoutes.tsx
FN:4,(anonymous_1)
FN:4,(anonymous_2)
FNF:2
FNH:2
FNDA:6,(anonymous_1)
FNDA:3,(anonymous_2)
DA:4,6
DA:5,6
DA:6,3
LF:3
LH:3
BRF:0
BRH:0
end_of_record
TN:
SF:src\entry-client.tsx
FNF:0
FNH:0
DA:16,3
DA:17,3
DA:19,3
LF:3
LH:3
BRF:0
BRH:0
end_of_record
TN:
SF:src\routes.tsx
FNF:0
FNH:0
DA:8,3
LF:1
LH:1
BRF:0
BRH:0
end_of_record
TN:
SF:src\components\Header\Header.tsx
FN:1,(anonymous_0)
FN:9,(anonymous_1)
FNF:2
FNH:2
FNDA:3,(anonymous_0)
FNDA:8,(anonymous_1)
DA:1,21
DA:9,3
DA:10,8
DA:22,3
DA:24,3
LF:5
LH:5
BRDA:1,0,0,3
BRF:1
BRH:1
end_of_record
TN:
SF:src\components\Modal\Modal.tsx
FN:12,(anonymous_1)
FN:16,(anonymous_2)
FN:31,(anonymous_3)
FN:46,(anonymous_4)
FN:12,(anonymous_5)
FNF:5
FNH:4
FNDA:2,(anonymous_1)
FNDA:1,(anonymous_2)
FNDA:1,(anonymous_3)
FNDA:0,(anonymous_4)
FNDA:1,(anonymous_5)
DA:12,3
DA:14,3
DA:16,2
DA:19,1
DA:20,1
DA:23,2
DA:31,1
DA:46,0
DA:59,3
DA:61,3
LF:10
LH:9
BRDA:25,0,0,2
BRDA:25,0,1,1
BRDA:25,0,2,1
BRDA:27,1,0,1
BRDA:27,1,1,0
BRDA:33,2,0,1
BRDA:33,2,1,0
BRDA:39,3,0,1
BRDA:39,3,1,1
BRDA:48,4,0,0
BRDA:48,4,1,0
BRDA:48,4,2,0
BRDA:56,5,0,2
BRDA:56,5,1,2
BRDA:56,5,2,0
BRF:15
BRH:9
end_of_record
TN:
SF:src\components\components\CardItem\CardItem.tsx
FN:1,(anonymous_0)
FN:10,(anonymous_1)
FNF:2
FNH:2
FNDA:3,(anonymous_0)
FNDA:121,(anonymous_1)
DA:1,21
DA:10,3
DA:11,121
DA:43,3
DA:45,3
LF:5
LH:5
BRDA:1,0,0,3
BRDA:24,1,0,121
BRDA:24,1,1,1
BRF:3
BRH:3
end_of_record
TN:
SF:src\components\components\CardList\CardList.tsx
FN:1,(anonymous_0)
FN:12,(anonymous_1)
FN:17,handleClick
FN:24,(anonymous_3)
FN:28,(anonymous_4)
FNF:5
FNH:5
FNDA:3,(anonymous_0)
FNDA:6,(anonymous_1)
FNDA:1,handleClick
FNDA:120,(anonymous_3)
FNDA:1,(anonymous_4)
DA:1,21
DA:12,3
DA:18,1
DA:19,1
DA:20,1
DA:22,6
DA:25,120
DA:28,1
DA:35,3
DA:37,3
LF:10
LH:10
BRDA:1,0,0,3
BRF:1
BRH:1
end_of_record
TN:
SF:src\components\components\SearchForm\SearchForm.tsx
FN:12,(anonymous_1)
FN:25,(anonymous_2)
FN:29,(anonymous_3)
FN:12,(anonymous_4)
FNF:4
FNH:2
FNDA:6,(anonymous_1)
FNDA:0,(anonymous_2)
FNDA:0,(anonymous_3)
FNDA:3,(anonymous_4)
DA:12,6
DA:13,6
DA:14,6
DA:15,6
DA:18,6
DA:20,6
DA:25,6
DA:26,0
DA:29,6
DA:30,0
DA:31,0
DA:34,6
DA:51,3
DA:53,3
LF:14
LH:11
BRDA:15,0,0,6
BRDA:15,0,1,6
BRF:2
BRH:2
end_of_record
TN:
SF:src\components\forms\CardItem.tsx
FN:1,(anonymous_0)
FN:9,(anonymous_1)
FNF:2
FNH:1
FNDA:18,(anonymous_0)
FNDA:0,(anonymous_1)
DA:1,36
DA:9,3
DA:10,0
DA:26,3
DA:28,3
DA:35,3
DA:37,3
DA:41,3
DA:43,3
DA:47,3
DA:49,3
DA:52,3
DA:54,3
DA:58,3
DA:60,18
LF:15
LH:14
BRDA:1,0,0,3
BRF:1
BRH:1
end_of_record
TN:
SF:src\components\forms\CardList.tsx
FN:17,(anonymous_1)
FN:21,(anonymous_2)
FN:17,(anonymous_3)
FNF:3
FNH:2
FNDA:1,(anonymous_1)
FNDA:0,(anonymous_2)
FNDA:1,(anonymous_3)
DA:8,3
DA:15,3
DA:17,3
DA:18,3
DA:19,1
DA:22,0
DA:27,3
DA:29,6
LF:8
LH:7
BRF:0
BRH:0
end_of_record
TN:
SF:src\components\forms\Form.tsx
FN:8,(anonymous_1)
FN:22,(anonymous_2)
FN:32,(anonymous_3)
FN:34,(anonymous_4)
FN:50,(anonymous_5)
FN:81,(anonymous_6)
FN:100,(anonymous_7)
FN:113,(anonymous_8)
FN:135,(anonymous_9)
FN:22,(anonymous_10)
FNF:10
FNH:6
FNDA:3,(anonymous_1)
FNDA:1,(anonymous_2)
FNDA:0,(anonymous_3)
FNDA:0,(anonymous_4)
FNDA:1,(anonymous_5)
FNDA:0,(anonymous_6)
FNDA:4,(anonymous_7)
FNDA:2,(anonymous_8)
FNDA:0,(anonymous_9)
FNDA:1,(anonymous_10)
DA:8,3
DA:9,3
DA:10,3
DA:22,3
DA:23,1
DA:24,1
DA:31,3
DA:32,1
DA:33,0
DA:34,0
DA:35,0
DA:50,1
DA:51,1
DA:52,0
DA:56,1
DA:82,0
DA:101,4
DA:114,2
DA:136,0
DA:168,3
DA:170,3
DA:173,3
DA:175,3
DA:183,3
DA:185,3
DA:190,3
DA:192,3
DA:204,3
DA:206,3
DA:213,3
DA:215,3
DA:231,3
DA:233,3
DA:236,3
DA:238,24
LF:35
LH:29
BRDA:8,0,0,3
BRDA:8,0,1,3
BRDA:51,1,0,0
BRDA:69,2,0,0
BRDA:69,2,1,1
BRDA:72,3,0,1
BRDA:72,3,1,0
BRDA:82,4,0,0
BRDA:82,4,1,0
BRDA:86,5,0,0
BRDA:86,5,1,1
BRDA:88,6,0,1
BRDA:88,6,1,0
BRDA:97,7,0,0
BRDA:97,7,1,1
BRDA:106,8,0,1
BRDA:106,8,1,0
BRDA:125,9,0,1
BRDA:125,9,1,0
BRDA:136,10,0,0
BRDA:136,10,1,0
BRDA:136,10,2,0
BRDA:143,11,0,0
BRDA:143,11,1,1
BRDA:146,12,0,1
BRDA:146,12,1,0
BRDA:157,13,0,0
BRDA:157,13,1,1
BRDA:161,14,0,1
BRDA:161,14,1,0
BRF:30
BRH:13
end_of_record
TN:
SF:src\components\forms\FormsSection.tsx
FN:1,(anonymous_0)
FN:6,(anonymous_1)
FNF:2
FNH:2
FNDA:6,(anonymous_0)
FNDA:1,(anonymous_1)
DA:1,24
DA:6,3
DA:7,1
DA:13,3
DA:15,3
DA:27,3
DA:29,6
LF:7
LH:7
BRDA:1,0,0,3
BRF:1
BRH:1
end_of_record
TN:
SF:src\data\countries.ts
FNF:0
FNH:0
DA:3,3
LF:1
LH:1
BRF:0
BRH:0
end_of_record
TN:
SF:src\hooks\redux.ts
FNF:0
FNH:0
DA:5,3
DA:6,3
LF:2
LH:2
BRF:0
BRH:0
end_of_record
TN:
SF:src\pages\AboutPage.tsx
FN:1,(anonymous_0)
FN:19,(anonymous_1)
FNF:2
FNH:2
FNDA:6,(anonymous_0)
FNDA:1,(anonymous_1)
DA:1,24
DA:5,3
DA:17,3
DA:19,3
DA:20,1
DA:26,3
DA:28,6
LF:7
LH:7
BRDA:1,0,0,3
BRF:1
BRH:1
end_of_record
TN:
SF:src\pages\FormsPage.tsx
FN:1,(anonymous_0)
FN:20,(anonymous_1)
FNF:2
FNH:2
FNDA:6,(anonymous_0)
FNDA:1,(anonymous_1)
DA:1,24
DA:6,3
DA:18,3
DA:20,3
DA:21,1
DA:29,3
DA:31,6
LF:7
LH:7
BRDA:1,0,0,3
BRF:1
BRH:1
end_of_record
TN:
SF:src\pages\NotFoundPage.tsx
FN:1,(anonymous_0)
FN:24,(anonymous_1)
FNF:2
FNH:1
FNDA:9,(anonymous_0)
FNDA:0,(anonymous_1)
DA:1,27
DA:5,3
DA:17,3
DA:19,3
DA:22,3
DA:24,3
DA:25,0
DA:35,3
DA:37,9
LF:9
LH:8
BRDA:1,0,0,3
BRF:1
BRH:1
end_of_record
TN:
SF:src\pages\HomePage\HomePage.tsx
FN:11,(anonymous_1)
FN:11,(anonymous_2)
FNF:2
FNH:2
FNDA:6,(anonymous_1)
FNDA:3,(anonymous_2)
DA:11,6
DA:12,6
DA:13,6
DA:15,6
DA:17,6
DA:18,6
DA:46,3
DA:48,3
LF:8
LH:8
BRDA:23,0,0,6
BRDA:23,0,1,0
BRDA:26,1,0,6
BRDA:26,1,1,0
BRDA:29,2,0,6
BRDA:29,2,1,6
BRDA:29,2,2,6
BRDA:37,3,0,6
BRDA:37,3,1,1
BRF:9
BRH:7
end_of_record
TN:
SF:src\services\rickandmorty\rickandmorty.service.ts
FN:23,(anonymous_0)
FN:25,(anonymous_1)
FN:28,(anonymous_2)
FNF:3
FNH:2
FNDA:3,(anonymous_0)
FNDA:0,(anonymous_1)
FNDA:1,(anonymous_2)
DA:13,3
DA:18,3
DA:20,3
DA:23,3
DA:25,0
DA:28,1
LF:6
LH:5
BRF:0
BRH:0
end_of_record
TN:
SF:src\store\store.ts
FN:16,setupStore
FN:19,(anonymous_1)
FNF:2
FNH:2
FNDA:3,setupStore
FNDA:3,(anonymous_1)
DA:10,3
DA:17,3
DA:20,3
LF:3
LH:3
BRF:0
BRH:0
end_of_record
TN:
SF:src\store\reducers\CardsSlice.ts
FN:17,(anonymous_0)
FN:24,(anonymous_1)
FNF:2
FNH:1
FNDA:0,(anonymous_0)
FNDA:1,(anonymous_1)
DA:9,3
DA:13,3
DA:18,0
DA:24,3
DA:25,3
LF:5
LH:4
BRF:0
BRH:0
end_of_record
TN:
SF:src\store\reducers\SearchSlice.ts
FN:12,(anonymous_0)
FN:19,(anonymous_1)
FNF:2
FNH:1
FNDA:0,(anonymous_0)
FNDA:32,(anonymous_1)
DA:4,3
DA:8,3
DA:13,0
DA:19,32
DA:20,3
LF:5
LH:4
BRF:0
BRH:0
end_of_record
